{"E:\\backup\\MATTHEW\\MA LIBRARY\\portfolio\\e-shop\\e-shop-server\\src\\tests\\auth.js":{"path":"E:\\backup\\MATTHEW\\MA LIBRARY\\portfolio\\e-shop\\e-shop-server\\src\\tests\\auth.js","statementMap":{"0":{"start":{"line":3,"column":16},"end":{"line":3,"column":60}},"1":{"start":{"line":5,"column":12},"end":{"line":5,"column":51}},"2":{"start":{"line":7,"column":11},"end":{"line":7,"column":52}},"3":{"start":{"line":9,"column":39},"end":{"line":9,"column":95}},"4":{"start":{"line":11,"column":0},"end":{"line":11,"column":43}},"5":{"start":{"line":13,"column":0},"end":{"line":13,"column":26}},"6":{"start":{"line":15,"column":0},"end":{"line":31,"column":3}},"7":{"start":{"line":16,"column":2},"end":{"line":30,"column":5}},"8":{"start":{"line":17,"column":15},"end":{"line":21,"column":5}},"9":{"start":{"line":23,"column":4},"end":{"line":29,"column":7}},"10":{"start":{"line":24,"column":6},"end":{"line":24,"column":34}},"11":{"start":{"line":25,"column":6},"end":{"line":25,"column":37}},"12":{"start":{"line":26,"column":6},"end":{"line":26,"column":45}},"13":{"start":{"line":27,"column":6},"end":{"line":27,"column":48}},"14":{"start":{"line":28,"column":6},"end":{"line":28,"column":13}},"15":{"start":{"line":32,"column":0},"end":{"line":119,"column":3}},"16":{"start":{"line":33,"column":16},"end":{"line":37,"column":3}},"17":{"start":{"line":38,"column":2},"end":{"line":42,"column":5}},"18":{"start":{"line":39,"column":4},"end":{"line":41,"column":7}},"19":{"start":{"line":40,"column":6},"end":{"line":40,"column":13}},"20":{"start":{"line":43,"column":2},"end":{"line":55,"column":5}},"21":{"start":{"line":44,"column":15},"end":{"line":47,"column":5}},"22":{"start":{"line":49,"column":4},"end":{"line":54,"column":7}},"23":{"start":{"line":50,"column":6},"end":{"line":50,"column":34}},"24":{"start":{"line":51,"column":6},"end":{"line":51,"column":37}},"25":{"start":{"line":52,"column":6},"end":{"line":52,"column":45}},"26":{"start":{"line":53,"column":6},"end":{"line":53,"column":13}},"27":{"start":{"line":56,"column":2},"end":{"line":68,"column":5}},"28":{"start":{"line":57,"column":15},"end":{"line":60,"column":5}},"29":{"start":{"line":62,"column":4},"end":{"line":67,"column":7}},"30":{"start":{"line":63,"column":6},"end":{"line":63,"column":34}},"31":{"start":{"line":64,"column":6},"end":{"line":64,"column":37}},"32":{"start":{"line":65,"column":6},"end":{"line":65,"column":98}},"33":{"start":{"line":66,"column":6},"end":{"line":66,"column":13}},"34":{"start":{"line":69,"column":2},"end":{"line":81,"column":5}},"35":{"start":{"line":70,"column":15},"end":{"line":73,"column":5}},"36":{"start":{"line":75,"column":4},"end":{"line":80,"column":7}},"37":{"start":{"line":76,"column":6},"end":{"line":76,"column":34}},"38":{"start":{"line":77,"column":6},"end":{"line":77,"column":37}},"39":{"start":{"line":78,"column":6},"end":{"line":78,"column":72}},"40":{"start":{"line":79,"column":6},"end":{"line":79,"column":13}},"41":{"start":{"line":82,"column":2},"end":{"line":94,"column":5}},"42":{"start":{"line":83,"column":15},"end":{"line":86,"column":5}},"43":{"start":{"line":88,"column":4},"end":{"line":93,"column":7}},"44":{"start":{"line":89,"column":6},"end":{"line":89,"column":34}},"45":{"start":{"line":90,"column":6},"end":{"line":90,"column":37}},"46":{"start":{"line":91,"column":6},"end":{"line":91,"column":92}},"47":{"start":{"line":92,"column":6},"end":{"line":92,"column":13}},"48":{"start":{"line":95,"column":2},"end":{"line":107,"column":5}},"49":{"start":{"line":96,"column":15},"end":{"line":99,"column":5}},"50":{"start":{"line":101,"column":4},"end":{"line":106,"column":7}},"51":{"start":{"line":102,"column":6},"end":{"line":102,"column":34}},"52":{"start":{"line":103,"column":6},"end":{"line":103,"column":37}},"53":{"start":{"line":104,"column":6},"end":{"line":104,"column":72}},"54":{"start":{"line":105,"column":6},"end":{"line":105,"column":13}},"55":{"start":{"line":108,"column":2},"end":{"line":118,"column":5}},"56":{"start":{"line":109,"column":15},"end":{"line":112,"column":5}},"57":{"start":{"line":114,"column":4},"end":{"line":117,"column":7}},"58":{"start":{"line":115,"column":6},"end":{"line":115,"column":34}},"59":{"start":{"line":116,"column":6},"end":{"line":116,"column":13}}},"fnMap":{"0":{"name":"_interopRequireDefault","decl":{"start":{"line":9,"column":9},"end":{"line":9,"column":31}},"loc":{"start":{"line":9,"column":37},"end":{"line":9,"column":97}},"line":9},"1":{"name":"(anonymous_1)","decl":{"start":{"line":15,"column":32},"end":{"line":15,"column":33}},"loc":{"start":{"line":15,"column":44},"end":{"line":31,"column":1}},"line":15},"2":{"name":"(anonymous_2)","decl":{"start":{"line":16,"column":43},"end":{"line":16,"column":44}},"loc":{"start":{"line":16,"column":59},"end":{"line":30,"column":3}},"line":16},"3":{"name":"(anonymous_3)","decl":{"start":{"line":23,"column":89},"end":{"line":23,"column":90}},"loc":{"start":{"line":23,"column":109},"end":{"line":29,"column":5}},"line":23},"4":{"name":"(anonymous_4)","decl":{"start":{"line":32,"column":32},"end":{"line":32,"column":33}},"loc":{"start":{"line":32,"column":44},"end":{"line":119,"column":1}},"line":32},"5":{"name":"(anonymous_5)","decl":{"start":{"line":38,"column":9},"end":{"line":38,"column":10}},"loc":{"start":{"line":38,"column":25},"end":{"line":42,"column":3}},"line":38},"6":{"name":"(anonymous_6)","decl":{"start":{"line":39,"column":92},"end":{"line":39,"column":93}},"loc":{"start":{"line":39,"column":104},"end":{"line":41,"column":5}},"line":39},"7":{"name":"(anonymous_7)","decl":{"start":{"line":43,"column":53},"end":{"line":43,"column":54}},"loc":{"start":{"line":43,"column":69},"end":{"line":55,"column":3}},"line":43},"8":{"name":"(anonymous_8)","decl":{"start":{"line":49,"column":89},"end":{"line":49,"column":90}},"loc":{"start":{"line":49,"column":109},"end":{"line":54,"column":5}},"line":49},"9":{"name":"(anonymous_9)","decl":{"start":{"line":56,"column":44},"end":{"line":56,"column":45}},"loc":{"start":{"line":56,"column":60},"end":{"line":68,"column":3}},"line":56},"10":{"name":"(anonymous_10)","decl":{"start":{"line":62,"column":89},"end":{"line":62,"column":90}},"loc":{"start":{"line":62,"column":109},"end":{"line":67,"column":5}},"line":62},"11":{"name":"(anonymous_11)","decl":{"start":{"line":69,"column":40},"end":{"line":69,"column":41}},"loc":{"start":{"line":69,"column":56},"end":{"line":81,"column":3}},"line":69},"12":{"name":"(anonymous_12)","decl":{"start":{"line":75,"column":89},"end":{"line":75,"column":90}},"loc":{"start":{"line":75,"column":109},"end":{"line":80,"column":5}},"line":75},"13":{"name":"(anonymous_13)","decl":{"start":{"line":82,"column":63},"end":{"line":82,"column":64}},"loc":{"start":{"line":82,"column":79},"end":{"line":94,"column":3}},"line":82},"14":{"name":"(anonymous_14)","decl":{"start":{"line":88,"column":89},"end":{"line":88,"column":90}},"loc":{"start":{"line":88,"column":109},"end":{"line":93,"column":5}},"line":88},"15":{"name":"(anonymous_15)","decl":{"start":{"line":95,"column":40},"end":{"line":95,"column":41}},"loc":{"start":{"line":95,"column":56},"end":{"line":107,"column":3}},"line":95},"16":{"name":"(anonymous_16)","decl":{"start":{"line":101,"column":89},"end":{"line":101,"column":90}},"loc":{"start":{"line":101,"column":109},"end":{"line":106,"column":5}},"line":101},"17":{"name":"(anonymous_17)","decl":{"start":{"line":108,"column":39},"end":{"line":108,"column":40}},"loc":{"start":{"line":108,"column":55},"end":{"line":118,"column":3}},"line":108},"18":{"name":"(anonymous_18)","decl":{"start":{"line":114,"column":89},"end":{"line":114,"column":90}},"loc":{"start":{"line":114,"column":109},"end":{"line":117,"column":5}},"line":114}},"branchMap":{"0":{"loc":{"start":{"line":9,"column":46},"end":{"line":9,"column":94}},"type":"cond-expr","locations":[{"start":{"line":9,"column":70},"end":{"line":9,"column":73}},{"start":{"line":9,"column":76},"end":{"line":9,"column":94}}],"line":9},"1":{"loc":{"start":{"line":9,"column":46},"end":{"line":9,"column":67}},"type":"binary-expr","locations":[{"start":{"line":9,"column":46},"end":{"line":9,"column":49}},{"start":{"line":9,"column":53},"end":{"line":9,"column":67}}],"line":9}},"s":{"0":1,"1":1,"2":1,"3":3,"4":1,"5":1,"6":1,"7":1,"8":1,"9":1,"10":1,"11":1,"12":1,"13":1,"14":1,"15":1,"16":1,"17":1,"18":1,"19":1,"20":1,"21":1,"22":1,"23":1,"24":1,"25":1,"26":1,"27":1,"28":1,"29":1,"30":1,"31":1,"32":1,"33":1,"34":1,"35":1,"36":1,"37":1,"38":1,"39":1,"40":1,"41":1,"42":1,"43":1,"44":1,"45":1,"46":1,"47":1,"48":1,"49":1,"50":1,"51":1,"52":1,"53":1,"54":1,"55":1,"56":1,"57":1,"58":1,"59":1},"f":{"0":3,"1":1,"2":1,"3":1,"4":1,"5":1,"6":1,"7":1,"8":1,"9":1,"10":1,"11":1,"12":1,"13":1,"14":1,"15":1,"16":1,"17":1,"18":1},"b":{"0":[1,2],"1":[3,3]},"inputSourceMap":{"version":3,"sources":["auth.js"],"names":["chai","use","chaiHttp","should","describe","it","done","user","name","email","password","request","app","post","send","end","err","res","have","status","body","be","a","property","newUser","before","req","eql"],"mappings":";;AAAA;;AACA;;AACA;;;;AAEAA,iBAAKC,GAAL,CAASC,oBAAT;;AACAF,iBAAKG,MAAL;;AAEAC,QAAQ,CAAC,qBAAD,EAAwB,YAAM;AAClCC,EAAAA,EAAE,CAAC,oCAAD,EAAuC,UAACC,IAAD,EAAU;AACjD,QAAMC,IAAI,GAAG;AACXC,MAAAA,IAAI,EAAE,MADK;AAEXC,MAAAA,KAAK,EAAE,eAFI;AAGXC,MAAAA,QAAQ,EAAE;AAHC,KAAb;;AAKAV,qBAAKW,OAAL,CAAaC,eAAb,EACGC,IADH,CACQ,qBADR,EAEGC,IAFH,CAEQP,IAFR,EAGGQ,GAHH,CAGO,UAACC,GAAD,EAAMC,GAAN,EAAc;AACjBA,MAAAA,GAAG,CAACd,MAAJ,CAAWe,IAAX,CAAgBC,MAAhB,CAAuB,GAAvB;AACAF,MAAAA,GAAG,CAACG,IAAJ,CAASjB,MAAT,CAAgBkB,EAAhB,CAAmBC,CAAnB,CAAqB,QAArB;AACAL,MAAAA,GAAG,CAACG,IAAJ,CAASjB,MAAT,CAAgBe,IAAhB,CAAqBK,QAArB,CAA8B,OAA9B;AACAN,MAAAA,GAAG,CAACG,IAAJ,CAASjB,MAAT,CAAgBe,IAAhB,CAAqBK,QAArB,CAA8B,UAA9B;AACAjB,MAAAA,IAAI;AACL,KATH;AAUD,GAhBC,CAAF;AAiBH,CAlBO,CAAR;AAoBAF,QAAQ,CAAC,qBAAD,EAAwB,YAAK;AACnC,MAAMoB,OAAO,GAAG;AACdhB,IAAAA,IAAI,EAAE,KADQ;AAEdC,IAAAA,KAAK,EAAE,eAFO;AAGdC,IAAAA,QAAQ,EAAE;AAHI,GAAhB;AAKAe,EAAAA,MAAM,CAAC,UAACnB,IAAD,EAAS;AACdN,qBAAKW,OAAL,CAAaC,eAAb,EACGC,IADH,CACQ,qBADR,EAEGC,IAFH,CAEQU,OAFR,EAGGT,GAHH,CAGO,YAAK;AACRT,MAAAA,IAAI;AACL,KALH;AAMC,GAPG,CAAN;AASID,EAAAA,EAAE,CAAC,8CAAD,EAAiD,UAACC,IAAD,EAAS;AAC1D,QAAMC,IAAI,GAAG;AACXE,MAAAA,KAAK,EAAEe,OAAO,CAACf,KADJ;AAEXC,MAAAA,QAAQ,EAAEc,OAAO,CAACd;AAFP,KAAb;;AAIAV,qBAAKW,OAAL,CAAaC,eAAb,EACGC,IADH,CACQ,qBADR,EAEGC,IAFH,CAEQP,IAFR,EAGGQ,GAHH,CAGO,UAACW,GAAD,EAAKT,GAAL,EAAY;AACfA,MAAAA,GAAG,CAACd,MAAJ,CAAWe,IAAX,CAAgBC,MAAhB,CAAuB,GAAvB;AACAF,MAAAA,GAAG,CAACG,IAAJ,CAASjB,MAAT,CAAgBkB,EAAhB,CAAmBC,CAAnB,CAAqB,QAArB;AACAL,MAAAA,GAAG,CAACG,IAAJ,CAASjB,MAAT,CAAgBe,IAAhB,CAAqBK,QAArB,CAA8B,OAA9B;AACAjB,MAAAA,IAAI;AACL,KARH;AASD,GAdC,CAAF;AAgBAD,EAAAA,EAAE,CAAC,qCAAD,EAAwC,UAACC,IAAD,EAAS;AACjD,QAAMC,IAAI,GAAG;AACXE,MAAAA,KAAK,EAAE,eADI;AAEXC,MAAAA,QAAQ,EAAE;AAFC,KAAb;;AAIAV,qBAAKW,OAAL,CAAaC,eAAb,EACGC,IADH,CACQ,qBADR,EAEGC,IAFH,CAEQP,IAFR,EAGGQ,GAHH,CAGO,UAACW,GAAD,EAAKT,GAAL,EAAY;AACfA,MAAAA,GAAG,CAACd,MAAJ,CAAWe,IAAX,CAAgBC,MAAhB,CAAuB,GAAvB;AACAF,MAAAA,GAAG,CAACG,IAAJ,CAASjB,MAAT,CAAgBkB,EAAhB,CAAmBC,CAAnB,CAAqB,QAArB;AACAL,MAAAA,GAAG,CAACG,IAAJ,CAASjB,MAAT,CAAgBe,IAAhB,CAAqBI,CAArB,CAAuBC,QAAvB,CAAgC,OAAhC,EAAyCI,GAAzC,CAA6C,6CAA7C;AACArB,MAAAA,IAAI;AACL,KARH;AASD,GAdC,CAAF;AAgBAD,EAAAA,EAAE,CAAC,iCAAD,EAAoC,UAACC,IAAD,EAAS;AAC7C,QAAMC,IAAI,GAAG;AACXE,MAAAA,KAAK,EAAE,eADI;AAEXC,MAAAA,QAAQ,EAAE;AAFC,KAAb;;AAIAV,qBAAKW,OAAL,CAAaC,eAAb,EACGC,IADH,CACQ,qBADR,EAEGC,IAFH,CAEQP,IAFR,EAGGQ,GAHH,CAGO,UAACW,GAAD,EAAKT,GAAL,EAAY;AACfA,MAAAA,GAAG,CAACd,MAAJ,CAAWe,IAAX,CAAgBC,MAAhB,CAAuB,GAAvB;AACAF,MAAAA,GAAG,CAACG,IAAJ,CAASjB,MAAT,CAAgBkB,EAAhB,CAAmBC,CAAnB,CAAqB,QAArB;AACAL,MAAAA,GAAG,CAACG,IAAJ,CAASjB,MAAT,CAAgBe,IAAhB,CAAqBK,QAArB,CAA8B,OAA9B,EAAuCI,GAAvC,CAA2C,qBAA3C;AACArB,MAAAA,IAAI;AACL,KARH;AASD,GAdC,CAAF;AAgBAD,EAAAA,EAAE,CAAC,wDAAD,EAA2D,UAACC,IAAD,EAAS;AACpE,QAAMC,IAAI,GAAG;AACXE,MAAAA,KAAK,EAAE,eADI;AAEXC,MAAAA,QAAQ,EAAE;AAFC,KAAb;;AAIAV,qBAAKW,OAAL,CAAaC,eAAb,EACGC,IADH,CACQ,qBADR,EAEGC,IAFH,CAEQP,IAFR,EAGGQ,GAHH,CAGO,UAACW,GAAD,EAAKT,GAAL,EAAY;AACfA,MAAAA,GAAG,CAACd,MAAJ,CAAWe,IAAX,CAAgBC,MAAhB,CAAuB,GAAvB;AACAF,MAAAA,GAAG,CAACG,IAAJ,CAASjB,MAAT,CAAgBkB,EAAhB,CAAmBC,CAAnB,CAAqB,QAArB;AACAL,MAAAA,GAAG,CAACG,IAAJ,CAASjB,MAAT,CAAgBe,IAAhB,CAAqBK,QAArB,CAA8B,OAA9B,EAAuCI,GAAvC,CAA2C,yCAA3C;AACArB,MAAAA,IAAI;AACL,KARH;AASD,GAdC,CAAF;AAgBAD,EAAAA,EAAE,CAAC,iCAAD,EAAoC,UAACC,IAAD,EAAS;AAC7C,QAAMC,IAAI,GAAG;AACXE,MAAAA,KAAK,EAAE,aADI;AAEXC,MAAAA,QAAQ,EAAE;AAFC,KAAb;;AAIAV,qBAAKW,OAAL,CAAaC,eAAb,EACGC,IADH,CACQ,qBADR,EAEGC,IAFH,CAEQP,IAFR,EAGGQ,GAHH,CAGO,UAACW,GAAD,EAAKT,GAAL,EAAY;AACfA,MAAAA,GAAG,CAACd,MAAJ,CAAWe,IAAX,CAAgBC,MAAhB,CAAuB,GAAvB;AACAF,MAAAA,GAAG,CAACG,IAAJ,CAASjB,MAAT,CAAgBkB,EAAhB,CAAmBC,CAAnB,CAAqB,QAArB;AACAL,MAAAA,GAAG,CAACG,IAAJ,CAASjB,MAAT,CAAgBe,IAAhB,CAAqBK,QAArB,CAA8B,OAA9B,EAAuCI,GAAvC,CAA2C,qBAA3C;AACArB,MAAAA,IAAI;AACL,KARH;AASD,GAdC,CAAF;AAgBAD,EAAAA,EAAE,CAAC,gCAAD,EAAmC,UAACC,IAAD,EAAS;AAC5C,QAAMC,IAAI,GAAG;AACXE,MAAAA,KAAK,EAAE,cADI;AAEXC,MAAAA,QAAQ,EAAE;AAFC,KAAb;;AAIAV,qBAAKW,OAAL,CAAaC,eAAb,EACGC,IADH,CACQ,qBADR,EAEGC,IAFH,CAEQP,IAFR,EAGGQ,GAHH,CAGO,UAACW,GAAD,EAAKT,GAAL,EAAY;AACfA,MAAAA,GAAG,CAACd,MAAJ,CAAWe,IAAX,CAAgBC,MAAhB,CAAuB,GAAvB;AACAb,MAAAA,IAAI;AACL,KANH;AAOD,GAZC,CAAF;AAaL,CA5GO,CAAR","sourceRoot":"E:\\backup\\MATTHEW\\MA LIBRARY\\portfolio\\e-shop\\e-shop-server\\src\\tests\\","sourcesContent":["import chaiHttp from 'chai-http';\r\nimport chai from 'chai';\r\nimport app from '../app';\r\n\r\nchai.use(chaiHttp);\r\nchai.should();\r\n\r\ndescribe('/api/v1/auth/signup', () => {\r\n    it('should return a status code of 201', (done) => {\r\n      const user = {\r\n        name: 'alex',\r\n        email: 'alex@test.com',\r\n        password: 'alexpassword1',\r\n      };\r\n      chai.request(app)\r\n        .post('/api/v1/auth/signup')\r\n        .send(user)\r\n        .end((err, res) => {\r\n          res.should.have.status(201);\r\n          res.body.should.be.a('object');\r\n          res.body.should.have.property('email');\r\n          res.body.should.have.property('password');\r\n          done();\r\n        });\r\n    });  \r\n});\r\n\r\ndescribe('/api/v1/auth/signin', ()=> {\r\n  const newUser = {\r\n    name: 'jex',\r\n    email: 'jex@email.com',\r\n    password: 'jex123456'\r\n  }\r\n  before((done)=> {\r\n    chai.request(app)\r\n      .post('/api/v1/auth/signup')\r\n      .send(newUser)\r\n      .end(()=> {\r\n        done()\r\n      })\r\n    })\r\n\r\n      it('returns success when valid input is provided', (done)=> {\r\n        const user = {\r\n          email: newUser.email,\r\n          password: newUser.password\r\n        }\r\n        chai.request(app)\r\n          .post('/api/v1/auth/signin')\r\n          .send(user)\r\n          .end((req,res)=> {\r\n            res.should.have.status(200);\r\n            res.body.should.be.a('object');\r\n            res.body.should.have.property('token');\r\n            done()\r\n          });\r\n      })\r\n\r\n      it('fails when password is not provided', (done)=> {\r\n        const user = {\r\n          email: 'jex@email.com',\r\n          password: ''\r\n        }\r\n        chai.request(app)\r\n          .post('/api/v1/auth/signin')\r\n          .send(user)\r\n          .end((req,res)=> {\r\n            res.should.have.status(422);\r\n            res.body.should.be.a('object');\r\n            res.body.should.have.a.property('error').eql('password must contain at least 6 characters')\r\n            done()\r\n          })\r\n      })\r\n\r\n      it('fails on wrong user credentials', (done)=> {\r\n        const user = {\r\n          email: 'day@email.com',\r\n          password: 'kdjkj9'\r\n        }\r\n        chai.request(app)\r\n          .post('/api/v1/auth/signin')\r\n          .send(user)\r\n          .end((req,res)=> {\r\n            res.should.have.status(401);\r\n            res.body.should.be.a('object');\r\n            res.body.should.have.property('error').eql('user does not exist')\r\n            done()\r\n          })\r\n      })\r\n\r\n      it('fails when password does not contain a digit character', (done)=> {\r\n        const user = {\r\n          email: 'jex@email.com',\r\n          password: 'jexpassword'\r\n        }\r\n        chai.request(app)\r\n          .post('/api/v1/auth/signin')\r\n          .send(user)\r\n          .end((req,res)=> {\r\n            res.should.have.status(422);\r\n            res.body.should.be.a('object')\r\n            res.body.should.have.property('error').eql('password must contain a digit character')\r\n            done()\r\n          })\r\n      })\r\n\r\n      it('fails if the email is not valid', (done)=> {\r\n        const user = {\r\n          email: 'ex@email.co',\r\n          password: 'jex123456'\r\n        }\r\n        chai.request(app)\r\n          .post('/api/v1/auth/signin')\r\n          .send(user)\r\n          .end((req,res)=> {\r\n            res.should.have.status(401);\r\n            res.body.should.be.a('object')\r\n            res.body.should.have.property('error').eql('user does not exist')\r\n            done()\r\n          })\r\n      })\r\n\r\n      it('email must contain an @ symbol', (done)=> {\r\n        const user = {\r\n          email: 'jexemail.com',\r\n          password: 'jex123456'\r\n        }\r\n        chai.request(app)\r\n          .post('/api/v1/auth/signin')\r\n          .send(user)\r\n          .end((req,res)=> {\r\n            res.should.have.status(422);\r\n            done()\r\n          })\r\n      })\r\n})"]},"_coverageSchema":"1a1c01bbd47fc00a2c39e90264f33305004495a9","hash":"1347396f5cf4242e77f6d52411ac0f194518e7ec","contentHash":"c7c439fceefa85c00769ec7047bb3f9bfbfc4dfe45b9024305f96100dcd079f7"},"E:\\backup\\MATTHEW\\MA LIBRARY\\portfolio\\e-shop\\e-shop-server\\src\\app.js":{"path":"E:\\backup\\MATTHEW\\MA LIBRARY\\portfolio\\e-shop\\e-shop-server\\src\\app.js","statementMap":{"0":{"start":{"line":3,"column":0},"end":{"line":5,"column":3}},"1":{"start":{"line":6,"column":0},"end":{"line":6,"column":28}},"2":{"start":{"line":8,"column":15},"end":{"line":8,"column":57}},"3":{"start":{"line":10,"column":18},"end":{"line":10,"column":64}},"4":{"start":{"line":12,"column":14},"end":{"line":12,"column":55}},"5":{"start":{"line":14,"column":12},"end":{"line":14,"column":51}},"6":{"start":{"line":16,"column":0},"end":{"line":16,"column":39}},"7":{"start":{"line":18,"column":0},"end":{"line":18,"column":26}},"8":{"start":{"line":20,"column":24},"end":{"line":20,"column":76}},"9":{"start":{"line":22,"column":12},"end":{"line":22,"column":61}},"10":{"start":{"line":24,"column":12},"end":{"line":24,"column":61}},"11":{"start":{"line":26,"column":15},"end":{"line":26,"column":67}},"12":{"start":{"line":28,"column":39},"end":{"line":28,"column":95}},"13":{"start":{"line":30,"column":10},"end":{"line":30,"column":36}},"14":{"start":{"line":31,"column":0},"end":{"line":31,"column":39}},"15":{"start":{"line":32,"column":0},"end":{"line":32,"column":36}},"16":{"start":{"line":33,"column":0},"end":{"line":33,"column":40}},"17":{"start":{"line":34,"column":0},"end":{"line":34,"column":33}},"18":{"start":{"line":35,"column":0},"end":{"line":35,"column":45}},"19":{"start":{"line":36,"column":0},"end":{"line":36,"column":42}},"20":{"start":{"line":37,"column":0},"end":{"line":37,"column":37}},"21":{"start":{"line":38,"column":0},"end":{"line":38,"column":40}},"22":{"start":{"line":39,"column":0},"end":{"line":43,"column":3}},"23":{"start":{"line":40,"column":2},"end":{"line":42,"column":5}},"24":{"start":{"line":44,"column":11},"end":{"line":44,"column":35}},"25":{"start":{"line":45,"column":0},"end":{"line":47,"column":3}},"26":{"start":{"line":46,"column":2},"end":{"line":46,"column":49}},"27":{"start":{"line":48,"column":15},"end":{"line":48,"column":18}},"28":{"start":{"line":49,"column":0},"end":{"line":49,"column":30}}},"fnMap":{"0":{"name":"_interopRequireDefault","decl":{"start":{"line":28,"column":9},"end":{"line":28,"column":31}},"loc":{"start":{"line":28,"column":37},"end":{"line":28,"column":97}},"line":28},"1":{"name":"(anonymous_1)","decl":{"start":{"line":39,"column":13},"end":{"line":39,"column":14}},"loc":{"start":{"line":39,"column":33},"end":{"line":43,"column":1}},"line":39},"2":{"name":"(anonymous_2)","decl":{"start":{"line":45,"column":17},"end":{"line":45,"column":18}},"loc":{"start":{"line":45,"column":29},"end":{"line":47,"column":1}},"line":45}},"branchMap":{"0":{"loc":{"start":{"line":28,"column":46},"end":{"line":28,"column":94}},"type":"cond-expr","locations":[{"start":{"line":28,"column":70},"end":{"line":28,"column":73}},{"start":{"line":28,"column":76},"end":{"line":28,"column":94}}],"line":28},"1":{"loc":{"start":{"line":28,"column":46},"end":{"line":28,"column":67}},"type":"binary-expr","locations":[{"start":{"line":28,"column":46},"end":{"line":28,"column":49}},{"start":{"line":28,"column":53},"end":{"line":28,"column":67}}],"line":28},"2":{"loc":{"start":{"line":44,"column":11},"end":{"line":44,"column":35}},"type":"binary-expr","locations":[{"start":{"line":44,"column":11},"end":{"line":44,"column":27}},{"start":{"line":44,"column":31},"end":{"line":44,"column":35}}],"line":44}},"s":{"0":1,"1":1,"2":1,"3":1,"4":1,"5":1,"6":1,"7":1,"8":1,"9":1,"10":1,"11":1,"12":8,"13":1,"14":1,"15":1,"16":1,"17":1,"18":1,"19":1,"20":1,"21":1,"22":1,"23":0,"24":1,"25":1,"26":1,"27":1,"28":1},"f":{"0":8,"1":0,"2":1},"b":{"0":[0,8],"1":[8,8],"2":[1,1]},"inputSourceMap":{"version":3,"sources":["app.js"],"names":["app","use","bodyParser","json","express","authRoute","userRoutes","productRoutes","get","req","res","status","message","PORT","process","env","listen","console","log"],"mappings":";;;;;;;AAAA;;AACA;;AACA;;AACA;;AACA;;AACA;;AACA;;AACA;;AACA;;AACA;;;;AAEA,IAAMA,GAAG,GAAG,0BAAZ;AAEAA,GAAG,CAACC,GAAJ,CAAQC,uBAAWC,IAAX,EAAR;AACAH,GAAG,CAACC,GAAJ,CAAQG,oBAAQD,IAAR,EAAR;AACAH,GAAG,CAACC,GAAJ,CAAQ,wBAAO,KAAP,CAAR;AACAD,GAAG,CAACC,GAAJ,CAAQ,uBAAR;AACAD,GAAG,CAACC,GAAJ,CAAQ,mCAAR;AAEAD,GAAG,CAACC,GAAJ,CAAQ,cAAR,EAAwBI,gBAAxB;AACAL,GAAG,CAACC,GAAJ,CAAQ,SAAR,EAAmBK,gBAAnB;AACAN,GAAG,CAACC,GAAJ,CAAQ,SAAR,EAAmBM,mBAAnB;AAEAP,GAAG,CAACQ,GAAJ,CAAQ,GAAR,EAAa,UAACC,GAAD,EAAKC,GAAL;AAAA,SAAYA,GAAG,CAACC,MAAJ,CAAW,GAAX,EAAgBR,IAAhB,CAAqB;AAACS,IAAAA,OAAO,EAAE;AAAV,GAArB,CAAZ;AAAA,CAAb;AAEA,IAAMC,IAAI,GAAGC,OAAO,CAACC,GAAR,CAAYF,IAAZ,IAAoB,IAAjC;AACAb,GAAG,CAACgB,MAAJ,CAAWH,IAAX,EAAiB,YAAK;AAClBI,EAAAA,OAAO,CAACC,GAAR,6BAAiCL,IAAjC;AACH,CAFD;eAIeb,G","sourceRoot":"E:\\backup\\MATTHEW\\MA LIBRARY\\portfolio\\e-shop\\e-shop-server\\src\\","sourcesContent":["import express from 'express';\r\nimport bodyParser from 'body-parser';\r\nimport morgan from 'morgan';\r\nimport cors from 'cors';\r\nimport 'regenerator-runtime/runtime';\r\nimport 'core-js/stable';\r\nimport expressValidator from 'express-validator';\r\nimport authRoute from './routers/auth';\r\nimport userRoutes from './routers/user';\r\nimport productRoutes from './routers/product';\r\n\r\nconst app = express();\r\n\r\napp.use(bodyParser.json())\r\napp.use(express.json())\r\napp.use(morgan('dev'))\r\napp.use(cors())\r\napp.use(expressValidator())\r\n\r\napp.use('/api/v1/auth', authRoute);\r\napp.use('/api/v1', userRoutes);\r\napp.use('/api/v1', productRoutes);\r\n\r\napp.get('/', (req,res)=> res.status(200).json({message: 'app running....'}))\r\n\r\nconst PORT = process.env.PORT || 9000\r\napp.listen(PORT, ()=> {\r\n    console.log(`listening on port ${PORT}`)\r\n})\r\n\r\nexport default app;"]},"_coverageSchema":"1a1c01bbd47fc00a2c39e90264f33305004495a9","hash":"ff3e152e3f6b3c752f5a93acc22c0ee78162e5e7","contentHash":"d100d941edefa7f1972c936c02e69881263bd7cb1b2b578876cf7fc124e3ff4a"},"E:\\backup\\MATTHEW\\MA LIBRARY\\portfolio\\e-shop\\e-shop-server\\src\\routers\\auth.js":{"path":"E:\\backup\\MATTHEW\\MA LIBRARY\\portfolio\\e-shop\\e-shop-server\\src\\routers\\auth.js","statementMap":{"0":{"start":{"line":3,"column":15},"end":{"line":3,"column":57}},"1":{"start":{"line":5,"column":12},"end":{"line":5,"column":66}},"2":{"start":{"line":7,"column":24},"end":{"line":7,"column":102}},"3":{"start":{"line":9,"column":24},"end":{"line":9,"column":102}},"4":{"start":{"line":11,"column":39},"end":{"line":11,"column":95}},"5":{"start":{"line":13,"column":13},"end":{"line":13,"column":41}},"6":{"start":{"line":15,"column":13},"end":{"line":15,"column":36}},"7":{"start":{"line":16,"column":13},"end":{"line":16,"column":36}},"8":{"start":{"line":17,"column":23},"end":{"line":17,"column":68}},"9":{"start":{"line":18,"column":23},"end":{"line":18,"column":68}},"10":{"start":{"line":19,"column":0},"end":{"line":19,"column":49}},"11":{"start":{"line":20,"column":0},"end":{"line":20,"column":49}},"12":{"start":{"line":21,"column":0},"end":{"line":21,"column":24}}},"fnMap":{"0":{"name":"_interopRequireDefault","decl":{"start":{"line":11,"column":9},"end":{"line":11,"column":31}},"loc":{"start":{"line":11,"column":37},"end":{"line":11,"column":97}},"line":11}},"branchMap":{"0":{"loc":{"start":{"line":11,"column":46},"end":{"line":11,"column":94}},"type":"cond-expr","locations":[{"start":{"line":11,"column":70},"end":{"line":11,"column":73}},{"start":{"line":11,"column":76},"end":{"line":11,"column":94}}],"line":11},"1":{"loc":{"start":{"line":11,"column":46},"end":{"line":11,"column":67}},"type":"binary-expr","locations":[{"start":{"line":11,"column":46},"end":{"line":11,"column":49}},{"start":{"line":11,"column":53},"end":{"line":11,"column":67}}],"line":11}},"s":{"0":1,"1":1,"2":1,"3":1,"4":4,"5":1,"6":1,"7":1,"8":1,"9":1,"10":1,"11":1,"12":1},"f":{"0":4},"b":{"0":[3,1],"1":[4,4]},"inputSourceMap":{"version":3,"sources":["auth.js"],"names":["router","express","Router","signup","authController","signin","signupValidation","validateSignup","signInValidation","validateSignin","post","module","exports"],"mappings":";;AAAA;;AACA;;AACA;;AACA;;;;AAEA,IAAMA,MAAM,GAAGC,oBAAQC,MAAR,EAAf;;AAEA,IAAQC,MAAR,GAA2BC,gBAA3B,CAAQD,MAAR;AAAA,IAAgBE,MAAhB,GAA2BD,gBAA3B,CAAgBC,MAAhB;AACA,IAAQC,gBAAR,GAA6BC,4BAA7B,CAAQD,gBAAR;AACA,IAAQE,gBAAR,GAA6BC,4BAA7B,CAAQD,gBAAR;AAEAR,MAAM,CAACU,IAAP,CAAY,SAAZ,EAAuBJ,gBAAvB,EAAyCH,MAAzC;AACAH,MAAM,CAACU,IAAP,CAAY,SAAZ,EAAuBF,gBAAvB,EAAyCH,MAAzC;AAGAM,MAAM,CAACC,OAAP,GAAiBZ,MAAjB","sourceRoot":"E:\\backup\\MATTHEW\\MA LIBRARY\\portfolio\\e-shop\\e-shop-server\\src\\routers\\","sourcesContent":["import express from 'express';\r\nimport authController from '../controllers/auth';\r\nimport validateSignup from '../middlewares/validations/signupValidation';\r\nimport validateSignin from '../middlewares/validations/signinValidation';\r\n\r\nconst router = express.Router();\r\n\r\nconst { signup, signin } = authController;\r\nconst { signupValidation } = validateSignup\r\nconst { signInValidation } = validateSignin;\r\n\r\nrouter.post('/signup', signupValidation, signup);\r\nrouter.post('/signin', signInValidation, signin);\r\n\r\n\r\nmodule.exports = router;"]},"_coverageSchema":"1a1c01bbd47fc00a2c39e90264f33305004495a9","hash":"14757e8a5a551bbdd29be466472b8dae4acff1c9","contentHash":"371152e44a1f9bb7c09bdf05cf8ac86b4112e382d3a18b734d85c10ae6f10863"},"E:\\backup\\MATTHEW\\MA LIBRARY\\portfolio\\e-shop\\e-shop-server\\src\\controllers\\auth.js":{"path":"E:\\backup\\MATTHEW\\MA LIBRARY\\portfolio\\e-shop\\e-shop-server\\src\\controllers\\auth.js","statementMap":{"0":{"start":{"line":3,"column":0},"end":{"line":5,"column":3}},"1":{"start":{"line":6,"column":0},"end":{"line":6,"column":28}},"2":{"start":{"line":8,"column":16},"end":{"line":8,"column":59}},"3":{"start":{"line":10,"column":12},"end":{"line":10,"column":63}},"4":{"start":{"line":12,"column":12},"end":{"line":12,"column":60}},"5":{"start":{"line":14,"column":39},"end":{"line":14,"column":95}},"6":{"start":{"line":16,"column":54},"end":{"line":16,"column":73}},"7":{"start":{"line":16,"column":75},"end":{"line":16,"column":330}},"8":{"start":{"line":16,"column":125},"end":{"line":16,"column":161}},"9":{"start":{"line":16,"column":163},"end":{"line":16,"column":296}},"10":{"start":{"line":16,"column":185},"end":{"line":16,"column":294}},"11":{"start":{"line":16,"column":227},"end":{"line":16,"column":290}},"12":{"start":{"line":16,"column":297},"end":{"line":16,"column":328}},"13":{"start":{"line":16,"column":331},"end":{"line":16,"column":343}},"14":{"start":{"line":18,"column":33},"end":{"line":18,"column":517}},"15":{"start":{"line":18,"column":46},"end":{"line":18,"column":47}},"16":{"start":{"line":18,"column":91},"end":{"line":18,"column":131}},"17":{"start":{"line":18,"column":133},"end":{"line":18,"column":515}},"18":{"start":{"line":18,"column":146},"end":{"line":18,"column":247}},"19":{"start":{"line":18,"column":201},"end":{"line":18,"column":243}},"20":{"start":{"line":18,"column":255},"end":{"line":18,"column":515}},"21":{"start":{"line":18,"column":295},"end":{"line":18,"column":369}},"22":{"start":{"line":18,"column":379},"end":{"line":18,"column":513}},"23":{"start":{"line":18,"column":428},"end":{"line":18,"column":509}},"24":{"start":{"line":18,"column":518},"end":{"line":18,"column":532}},"25":{"start":{"line":20,"column":44},"end":{"line":20,"column":195}},"26":{"start":{"line":20,"column":62},"end":{"line":20,"column":166}},"27":{"start":{"line":20,"column":176},"end":{"line":20,"column":193}},"28":{"start":{"line":20,"column":196},"end":{"line":20,"column":207}},"29":{"start":{"line":22,"column":77},"end":{"line":22,"column":175}},"30":{"start":{"line":22,"column":94},"end":{"line":22,"column":107}},"31":{"start":{"line":22,"column":121},"end":{"line":22,"column":131}},"32":{"start":{"line":22,"column":151},"end":{"line":22,"column":165}},"33":{"start":{"line":22,"column":166},"end":{"line":22,"column":173}},"34":{"start":{"line":22,"column":176},"end":{"line":22,"column":263}},"35":{"start":{"line":22,"column":193},"end":{"line":22,"column":208}},"36":{"start":{"line":22,"column":218},"end":{"line":22,"column":261}},"37":{"start":{"line":24,"column":33},"end":{"line":24,"column":387}},"38":{"start":{"line":24,"column":65},"end":{"line":24,"column":69}},"39":{"start":{"line":24,"column":78},"end":{"line":24,"column":87}},"40":{"start":{"line":24,"column":89},"end":{"line":24,"column":384}},"41":{"start":{"line":24,"column":147},"end":{"line":24,"column":167}},"42":{"start":{"line":24,"column":193},"end":{"line":24,"column":264}},"43":{"start":{"line":24,"column":290},"end":{"line":24,"column":360}},"44":{"start":{"line":24,"column":363},"end":{"line":24,"column":380}},"45":{"start":{"line":26,"column":10},"end":{"line":26,"column":33}},"46":{"start":{"line":28,"column":0},"end":{"line":28,"column":27}},"47":{"start":{"line":30,"column":20},"end":{"line":30,"column":24}},"48":{"start":{"line":31,"column":21},"end":{"line":133,"column":1}},"49":{"start":{"line":33,"column":18},"end":{"line":71,"column":7}},"50":{"start":{"line":35,"column":6},"end":{"line":70,"column":18}},"51":{"start":{"line":36,"column":8},"end":{"line":69,"column":9}},"52":{"start":{"line":37,"column":10},"end":{"line":68,"column":11}},"53":{"start":{"line":39,"column":14},"end":{"line":39,"column":32}},"54":{"start":{"line":40,"column":14},"end":{"line":40,"column":74}},"55":{"start":{"line":43,"column":14},"end":{"line":43,"column":43}},"56":{"start":{"line":45,"column":14},"end":{"line":48,"column":15}},"57":{"start":{"line":46,"column":16},"end":{"line":46,"column":34}},"58":{"start":{"line":47,"column":16},"end":{"line":47,"column":22}},"59":{"start":{"line":50,"column":14},"end":{"line":52,"column":18}},"60":{"start":{"line":55,"column":14},"end":{"line":55,"column":32}},"61":{"start":{"line":56,"column":14},"end":{"line":59,"column":18}},"62":{"start":{"line":62,"column":14},"end":{"line":62,"column":38}},"63":{"start":{"line":63,"column":14},"end":{"line":63,"column":78}},"64":{"start":{"line":67,"column":14},"end":{"line":67,"column":37}},"65":{"start":{"line":74,"column":6},"end":{"line":74,"column":44}},"66":{"start":{"line":77,"column":4},"end":{"line":77,"column":18}},"67":{"start":{"line":80,"column":18},"end":{"line":125,"column":7}},"68":{"start":{"line":83,"column":6},"end":{"line":124,"column":19}},"69":{"start":{"line":84,"column":8},"end":{"line":123,"column":9}},"70":{"start":{"line":85,"column":10},"end":{"line":122,"column":11}},"71":{"start":{"line":87,"column":14},"end":{"line":87,"column":91}},"72":{"start":{"line":88,"column":14},"end":{"line":88,"column":33}},"73":{"start":{"line":89,"column":14},"end":{"line":89,"column":65}},"74":{"start":{"line":92,"column":14},"end":{"line":92,"column":44}},"75":{"start":{"line":93,"column":14},"end":{"line":93,"column":110}},"76":{"start":{"line":95,"column":14},"end":{"line":98,"column":15}},"77":{"start":{"line":96,"column":16},"end":{"line":96,"column":35}},"78":{"start":{"line":97,"column":16},"end":{"line":97,"column":22}},"79":{"start":{"line":100,"column":14},"end":{"line":102,"column":18}},"80":{"start":{"line":105,"column":14},"end":{"line":105,"column":93}},"81":{"start":{"line":106,"column":14},"end":{"line":111,"column":17}},"82":{"start":{"line":112,"column":14},"end":{"line":117,"column":18}},"83":{"start":{"line":121,"column":14},"end":{"line":121,"column":38}},"84":{"start":{"line":128,"column":6},"end":{"line":128,"column":44}},"85":{"start":{"line":131,"column":4},"end":{"line":131,"column":18}},"86":{"start":{"line":134,"column":15},"end":{"line":134,"column":29}},"87":{"start":{"line":135,"column":0},"end":{"line":135,"column":30}}},"fnMap":{"0":{"name":"_interopRequireDefault","decl":{"start":{"line":14,"column":9},"end":{"line":14,"column":31}},"loc":{"start":{"line":14,"column":37},"end":{"line":14,"column":97}},"line":14},"1":{"name":"ownKeys","decl":{"start":{"line":16,"column":9},"end":{"line":16,"column":16}},"loc":{"start":{"line":16,"column":41},"end":{"line":16,"column":345}},"line":16},"2":{"name":"(anonymous_2)","decl":{"start":{"line":16,"column":210},"end":{"line":16,"column":211}},"loc":{"start":{"line":16,"column":225},"end":{"line":16,"column":292}},"line":16},"3":{"name":"_objectSpread","decl":{"start":{"line":18,"column":9},"end":{"line":18,"column":22}},"loc":{"start":{"line":18,"column":31},"end":{"line":18,"column":534}},"line":18},"4":{"name":"(anonymous_4)","decl":{"start":{"line":18,"column":184},"end":{"line":18,"column":185}},"loc":{"start":{"line":18,"column":199},"end":{"line":18,"column":245}},"line":18},"5":{"name":"(anonymous_5)","decl":{"start":{"line":18,"column":411},"end":{"line":18,"column":412}},"loc":{"start":{"line":18,"column":426},"end":{"line":18,"column":511}},"line":18},"6":{"name":"_defineProperty","decl":{"start":{"line":20,"column":9},"end":{"line":20,"column":24}},"loc":{"start":{"line":20,"column":42},"end":{"line":20,"column":209}},"line":20},"7":{"name":"asyncGeneratorStep","decl":{"start":{"line":22,"column":9},"end":{"line":22,"column":27}},"loc":{"start":{"line":22,"column":75},"end":{"line":22,"column":265}},"line":22},"8":{"name":"_asyncToGenerator","decl":{"start":{"line":24,"column":9},"end":{"line":24,"column":26}},"loc":{"start":{"line":24,"column":31},"end":{"line":24,"column":389}},"line":24},"9":{"name":"(anonymous_9)","decl":{"start":{"line":24,"column":40},"end":{"line":24,"column":41}},"loc":{"start":{"line":24,"column":52},"end":{"line":24,"column":386}},"line":24},"10":{"name":"(anonymous_10)","decl":{"start":{"line":24,"column":108},"end":{"line":24,"column":109}},"loc":{"start":{"line":24,"column":135},"end":{"line":24,"column":382}},"line":24},"11":{"name":"_next","decl":{"start":{"line":24,"column":178},"end":{"line":24,"column":183}},"loc":{"start":{"line":24,"column":191},"end":{"line":24,"column":266}},"line":24},"12":{"name":"_throw","decl":{"start":{"line":24,"column":276},"end":{"line":24,"column":282}},"loc":{"start":{"line":24,"column":288},"end":{"line":24,"column":362}},"line":24},"13":{"name":"(anonymous_13)","decl":{"start":{"line":32,"column":10},"end":{"line":32,"column":11}},"loc":{"start":{"line":32,"column":22},"end":{"line":78,"column":3}},"line":32},"14":{"name":"_callee","decl":{"start":{"line":33,"column":83},"end":{"line":33,"column":90}},"loc":{"start":{"line":33,"column":101},"end":{"line":71,"column":5}},"line":33},"15":{"name":"_callee$","decl":{"start":{"line":35,"column":46},"end":{"line":35,"column":54}},"loc":{"start":{"line":35,"column":65},"end":{"line":70,"column":7}},"line":35},"16":{"name":"signup","decl":{"start":{"line":73,"column":13},"end":{"line":73,"column":19}},"loc":{"start":{"line":73,"column":29},"end":{"line":75,"column":5}},"line":73},"17":{"name":"(anonymous_17)","decl":{"start":{"line":79,"column":10},"end":{"line":79,"column":11}},"loc":{"start":{"line":79,"column":22},"end":{"line":132,"column":3}},"line":79},"18":{"name":"_callee2","decl":{"start":{"line":80,"column":83},"end":{"line":80,"column":91}},"loc":{"start":{"line":80,"column":102},"end":{"line":125,"column":5}},"line":80},"19":{"name":"_callee2$","decl":{"start":{"line":83,"column":46},"end":{"line":83,"column":55}},"loc":{"start":{"line":83,"column":67},"end":{"line":124,"column":7}},"line":83},"20":{"name":"signin","decl":{"start":{"line":127,"column":13},"end":{"line":127,"column":19}},"loc":{"start":{"line":127,"column":30},"end":{"line":129,"column":5}},"line":127}},"branchMap":{"0":{"loc":{"start":{"line":14,"column":46},"end":{"line":14,"column":94}},"type":"cond-expr","locations":[{"start":{"line":14,"column":70},"end":{"line":14,"column":73}},{"start":{"line":14,"column":76},"end":{"line":14,"column":94}}],"line":14},"1":{"loc":{"start":{"line":14,"column":46},"end":{"line":14,"column":67}},"type":"binary-expr","locations":[{"start":{"line":14,"column":46},"end":{"line":14,"column":49}},{"start":{"line":14,"column":53},"end":{"line":14,"column":67}}],"line":14},"2":{"loc":{"start":{"line":16,"column":75},"end":{"line":16,"column":330}},"type":"if","locations":[{"start":{"line":16,"column":75},"end":{"line":16,"column":330}},{"start":{"line":16,"column":75},"end":{"line":16,"column":330}}],"line":16},"3":{"loc":{"start":{"line":16,"column":163},"end":{"line":16,"column":296}},"type":"if","locations":[{"start":{"line":16,"column":163},"end":{"line":16,"column":296}},{"start":{"line":16,"column":163},"end":{"line":16,"column":296}}],"line":16},"4":{"loc":{"start":{"line":18,"column":91},"end":{"line":18,"column":131}},"type":"cond-expr","locations":[{"start":{"line":18,"column":114},"end":{"line":18,"column":126}},{"start":{"line":18,"column":129},"end":{"line":18,"column":131}}],"line":18},"5":{"loc":{"start":{"line":18,"column":133},"end":{"line":18,"column":515}},"type":"if","locations":[{"start":{"line":18,"column":133},"end":{"line":18,"column":515}},{"start":{"line":18,"column":133},"end":{"line":18,"column":515}}],"line":18},"6":{"loc":{"start":{"line":18,"column":255},"end":{"line":18,"column":515}},"type":"if","locations":[{"start":{"line":18,"column":255},"end":{"line":18,"column":515}},{"start":{"line":18,"column":255},"end":{"line":18,"column":515}}],"line":18},"7":{"loc":{"start":{"line":20,"column":44},"end":{"line":20,"column":195}},"type":"if","locations":[{"start":{"line":20,"column":44},"end":{"line":20,"column":195}},{"start":{"line":20,"column":44},"end":{"line":20,"column":195}}],"line":20},"8":{"loc":{"start":{"line":22,"column":176},"end":{"line":22,"column":263}},"type":"if","locations":[{"start":{"line":22,"column":176},"end":{"line":22,"column":263}},{"start":{"line":22,"column":176},"end":{"line":22,"column":263}}],"line":22},"9":{"loc":{"start":{"line":37,"column":10},"end":{"line":68,"column":11}},"type":"switch","locations":[{"start":{"line":38,"column":12},"end":{"line":40,"column":74}},{"start":{"line":42,"column":12},"end":{"line":52,"column":18}},{"start":{"line":54,"column":12},"end":{"line":59,"column":18}},{"start":{"line":61,"column":12},"end":{"line":63,"column":78}},{"start":{"line":65,"column":12},"end":{"line":65,"column":19}},{"start":{"line":66,"column":12},"end":{"line":67,"column":37}}],"line":37},"10":{"loc":{"start":{"line":45,"column":14},"end":{"line":48,"column":15}},"type":"if","locations":[{"start":{"line":45,"column":14},"end":{"line":48,"column":15}},{"start":{"line":45,"column":14},"end":{"line":48,"column":15}}],"line":45},"11":{"loc":{"start":{"line":85,"column":10},"end":{"line":122,"column":11}},"type":"switch","locations":[{"start":{"line":86,"column":12},"end":{"line":89,"column":65}},{"start":{"line":91,"column":12},"end":{"line":102,"column":18}},{"start":{"line":104,"column":12},"end":{"line":117,"column":18}},{"start":{"line":119,"column":12},"end":{"line":119,"column":20}},{"start":{"line":120,"column":12},"end":{"line":121,"column":38}}],"line":85},"12":{"loc":{"start":{"line":93,"column":28},"end":{"line":93,"column":109}},"type":"binary-expr","locations":[{"start":{"line":93,"column":28},"end":{"line":93,"column":40}},{"start":{"line":93,"column":44},"end":{"line":93,"column":109}}],"line":93},"13":{"loc":{"start":{"line":95,"column":14},"end":{"line":98,"column":15}},"type":"if","locations":[{"start":{"line":95,"column":14},"end":{"line":98,"column":15}},{"start":{"line":95,"column":14},"end":{"line":98,"column":15}}],"line":95}},"s":{"0":1,"1":1,"2":1,"3":1,"4":1,"5":3,"6":6,"7":6,"8":6,"9":6,"10":6,"11":0,"12":6,"13":6,"14":6,"15":6,"16":9,"17":9,"18":6,"19":9,"20":3,"21":3,"22":0,"23":0,"24":6,"25":9,"26":0,"27":9,"28":9,"29":17,"30":17,"31":17,"32":0,"33":0,"34":17,"35":7,"36":10,"37":2,"38":7,"39":7,"40":7,"41":7,"42":17,"43":0,"44":7,"45":1,"46":1,"47":1,"48":1,"49":1,"50":3,"51":12,"52":15,"53":3,"54":3,"55":3,"56":3,"57":3,"58":3,"59":0,"60":3,"61":3,"62":3,"63":3,"64":3,"65":3,"66":1,"67":1,"68":4,"69":12,"70":14,"71":4,"72":4,"73":4,"74":4,"75":4,"76":4,"77":2,"78":2,"79":2,"80":2,"81":2,"82":2,"83":4,"84":4,"85":1,"86":1,"87":1},"f":{"0":3,"1":6,"2":0,"3":6,"4":9,"5":0,"6":9,"7":17,"8":2,"9":7,"10":7,"11":17,"12":0,"13":1,"14":3,"15":12,"16":3,"17":1,"18":4,"19":12,"20":4},"b":{"0":[2,1],"1":[3,3],"2":[6,0],"3":[6,0],"4":[9,0],"5":[6,3],"6":[3,0],"7":[0,9],"8":[7,10],"9":[3,3,3,3,0,3],"10":[3,0],"11":[4,4,2,0,4],"12":[4,2],"13":[2,2]},"inputSourceMap":{"version":3,"sources":["auth.js"],"names":["jwt","require","config","jwtExpiryTime","authController","signup","req","res","User","getByField","body","email","existingUser","status","json","error","create","isAdmin","password","newUser","signin","correctUser","bcrypt","compareSync","id","name","token","sign","process","env","JWT_SECRET","expiresIn"],"mappings":";;;;;;;AAAA;;AACA;;AACA;;;;;;;;;;;;;;AAEA,IAAMA,GAAG,GAAGC,OAAO,CAAC,cAAD,CAAnB;;AACAA,OAAO,CAAC,QAAD,CAAP,CAAkBC,MAAlB;;AACA,IAAMC,aAAa,GAAG,IAAtB;AAEA,IAAMC,cAAc,GAAG;AACnBC,EAAAA,MAAM;AAAA,0EAAE,iBAAOC,GAAP,EAAWC,GAAX;AAAA;AAAA;AAAA;AAAA;AAAA;AAAA;AAAA,qBACuBC,iBAAKC,UAAL,CAAgB,OAAhB,EAAyBH,GAAG,CAACI,IAAJ,CAASC,KAAlC,CADvB;;AAAA;AACEC,cAAAA,YADF;;AAAA,mBAEAA,YAFA;AAAA;AAAA;AAAA;;AAAA,+CAGOL,GAAG,CAACM,MAAJ,CAAW,GAAX,EAAgBC,IAAhB,CAAqB;AAAEC,gBAAAA,KAAK,EAAE;AAAT,eAArB,CAHP;;AAAA;AAAA;AAAA,qBAKkBP,iBAAKQ,MAAL,iCAAiBV,GAAG,CAACI,IAArB;AAA2BO,gBAAAA,OAAO,EAAE,KAApC;AAA2CC,gBAAAA,QAAQ,EAAE,sBAAaZ,GAAG,CAACI,IAAJ,CAASQ,QAAtB;AAArD,iBALlB;;AAAA;AAKEC,cAAAA,OALF;AAAA,+CAMGZ,GAAG,CAACM,MAAJ,CAAW,GAAX,EAAgBC,IAAhB,CAAqBK,OAArB,CANH;;AAAA;AAAA;AAAA;AAAA;AAAA;AAAA;AAAA,KAAF;;AAAA;AAAA;AAAA;;AAAA;AAAA,KADa;AAUnBC,EAAAA,MAAM;AAAA,0EAAE,kBAAOd,GAAP,EAAYC,GAAZ;AAAA;;AAAA;AAAA;AAAA;AAAA;AAAA,0BACwBD,GAAG,CAACI,IAD5B,EACIC,KADJ,aACIA,KADJ,EACWO,QADX,aACWA,QADX;AAAA;AAAA,qBAEuBV,iBAAKC,UAAL,CAAgB,OAAhB,EAAyBE,KAAzB,CAFvB;;AAAA;AAEEC,cAAAA,YAFF;AAGES,cAAAA,WAHF,GAGgBT,YAAY,IAAIU,qBAAOC,WAAP,CAAmBL,QAAnB,EAA6BN,YAAY,CAACM,QAA1C,CAHhC;;AAAA,kBAICG,WAJD;AAAA;AAAA;AAAA;;AAAA,gDAKOd,GAAG,CAACM,MAAJ,CAAW,GAAX,EAAgBC,IAAhB,CAAqB;AAACC,gBAAAA,KAAK,EAAE;AAAR,eAArB,CALP;;AAAA;AAQIS,cAAAA,EARJ,GAQ0BZ,YAR1B,CAQIY,EARJ,EAQQC,IARR,GAQ0Bb,YAR1B,CAQQa,IARR,EAQcR,OARd,GAQ0BL,YAR1B,CAQcK,OARd;AASES,cAAAA,KATF,GASU1B,GAAG,CAAC2B,IAAJ,CAAS;AAACH,gBAAAA,EAAE,EAAFA,EAAD;AAAKP,gBAAAA,OAAO,EAAPA;AAAL,eAAT,EAAwBW,OAAO,CAACC,GAAR,CAAYC,UAApC,EAAgD;AAC1DC,gBAAAA,SAAS,EAAE5B;AAD+C,eAAhD,CATV;AAAA,gDAYGI,GAAG,CAACM,MAAJ,CAAW,GAAX,EAAgBC,IAAhB,CAAqB;AAACU,gBAAAA,EAAE,EAAFA,EAAD;AAAKP,gBAAAA,OAAO,EAAPA,OAAL;AAAcQ,gBAAAA,IAAI,EAAJA,IAAd;AAAoBC,gBAAAA,KAAK,EAALA;AAApB,eAArB,CAZH;;AAAA;AAAA;AAAA;AAAA;AAAA;AAAA;AAAA,KAAF;;AAAA;AAAA;AAAA;;AAAA;AAAA;AAVa,CAAvB;eA0BetB,c","sourceRoot":"E:\\backup\\MATTHEW\\MA LIBRARY\\portfolio\\e-shop\\e-shop-server\\src\\controllers\\","sourcesContent":["import bcrypt from 'bcryptjs';\r\nimport hashPassword from '../services/hash';\r\nimport User from '../model/User';\r\n\r\nconst jwt = require('jsonwebtoken')\r\nrequire('dotenv').config()\r\nconst jwtExpiryTime = 3600;\r\n\r\nconst authController = {\r\n    signup: async (req,res)=> {\r\n        const existingUser = await User.getByField(\"email\", req.body.email);\r\n        if (existingUser) {\r\n            return res.status(401).json({ error: 'user already exists' });\r\n        }\r\n        const newUser = await User.create({ ...req.body, isAdmin: false, password: hashPassword(req.body.password) });\r\n        return res.status(201).json(newUser);\r\n    },\r\n    \r\n    signin: async (req, res) => {\r\n        const { email, password } = req.body\r\n        const existingUser = await User.getByField(\"email\", email);\r\n        const correctUser = existingUser && bcrypt.compareSync(password, existingUser.password)\r\n        if (!correctUser) {\r\n            return res.status(401).json({error: 'user does not exist'})\r\n        }\r\n        \r\n        const { id, name, isAdmin } = existingUser;\r\n        const token = jwt.sign({id, isAdmin}, process.env.JWT_SECRET, {\r\n            expiresIn: jwtExpiryTime,\r\n        })\r\n        return res.status(200).json({id, isAdmin, name, token})\r\n    },\r\n}\r\n\r\nexport default authController;"]},"_coverageSchema":"1a1c01bbd47fc00a2c39e90264f33305004495a9","hash":"4fc546f34a3663d34a2f1335214b10ae898a25d1","contentHash":"bb3749322a0b726bc4f9643f3869826ca8cdbecdf2a9daa5e9a94061d72bc8df"},"E:\\backup\\MATTHEW\\MA LIBRARY\\portfolio\\e-shop\\e-shop-server\\src\\services\\hash.js":{"path":"E:\\backup\\MATTHEW\\MA LIBRARY\\portfolio\\e-shop\\e-shop-server\\src\\services\\hash.js","statementMap":{"0":{"start":{"line":3,"column":0},"end":{"line":5,"column":3}},"1":{"start":{"line":6,"column":0},"end":{"line":6,"column":28}},"2":{"start":{"line":8,"column":16},"end":{"line":8,"column":59}},"3":{"start":{"line":10,"column":14},"end":{"line":10,"column":55}},"4":{"start":{"line":12,"column":39},"end":{"line":12,"column":95}},"5":{"start":{"line":14,"column":0},"end":{"line":14,"column":28}},"6":{"start":{"line":16,"column":19},"end":{"line":20,"column":1}},"7":{"start":{"line":17,"column":13},"end":{"line":17,"column":49}},"8":{"start":{"line":19,"column":2},"end":{"line":19,"column":55}},"9":{"start":{"line":22,"column":15},"end":{"line":22,"column":27}},"10":{"start":{"line":23,"column":0},"end":{"line":23,"column":30}}},"fnMap":{"0":{"name":"_interopRequireDefault","decl":{"start":{"line":12,"column":9},"end":{"line":12,"column":31}},"loc":{"start":{"line":12,"column":37},"end":{"line":12,"column":97}},"line":12},"1":{"name":"hashPassword","decl":{"start":{"line":16,"column":28},"end":{"line":16,"column":40}},"loc":{"start":{"line":16,"column":51},"end":{"line":20,"column":1}},"line":16}},"branchMap":{"0":{"loc":{"start":{"line":12,"column":46},"end":{"line":12,"column":94}},"type":"cond-expr","locations":[{"start":{"line":12,"column":70},"end":{"line":12,"column":73}},{"start":{"line":12,"column":76},"end":{"line":12,"column":94}}],"line":12},"1":{"loc":{"start":{"line":12,"column":46},"end":{"line":12,"column":67}},"type":"binary-expr","locations":[{"start":{"line":12,"column":46},"end":{"line":12,"column":49}},{"start":{"line":12,"column":53},"end":{"line":12,"column":67}}],"line":12}},"s":{"0":1,"1":1,"2":1,"3":1,"4":2,"5":1,"6":1,"7":3,"8":3,"9":1,"10":1},"f":{"0":2,"1":3},"b":{"0":[0,2],"1":[2,2]},"inputSourceMap":{"version":3,"sources":["hash.js"],"names":["dotenv","config","hashPassword","password","salt","bcrypt","genSaltSync","hashSync"],"mappings":";;;;;;;AAAA;;AACA;;;;AAEAA,mBAAOC,MAAP;;AAEA,IAAMC,YAAY,GAAG,SAAfA,YAAe,CAACC,QAAD,EAAc;AACjC,MAAMC,IAAI,GAAGC,qBAAOC,WAAP,CAAmB,EAAnB,CAAb;;AACA,SAAOD,qBAAOE,QAAP,CAAgBJ,QAAhB,EAA0BC,IAA1B,CAAP;AACD,CAHD;;eAKeF,Y","sourceRoot":"E:\\backup\\MATTHEW\\MA LIBRARY\\portfolio\\e-shop\\e-shop-server\\src\\services\\","sourcesContent":["import bcrypt from 'bcryptjs';\r\nimport dotenv from 'dotenv';\r\n\r\ndotenv.config();\r\n\r\nconst hashPassword = (password) => {\r\n  const salt = bcrypt.genSaltSync(10);\r\n  return bcrypt.hashSync(password, salt);\r\n};\r\n\r\nexport default hashPassword;\r\n"]},"_coverageSchema":"1a1c01bbd47fc00a2c39e90264f33305004495a9","hash":"3d9d4cbe661ba4ecf86afb6672f38d95b3bc261e","contentHash":"ee21f13b38c63ff96a9cd6783d038b8fe88265003203ff48a342139b8ce2c3fd"},"E:\\backup\\MATTHEW\\MA LIBRARY\\portfolio\\e-shop\\e-shop-server\\src\\model\\User.js":{"path":"E:\\backup\\MATTHEW\\MA LIBRARY\\portfolio\\e-shop\\e-shop-server\\src\\model\\User.js","statementMap":{"0":{"start":{"line":3,"column":0},"end":{"line":5,"column":3}},"1":{"start":{"line":6,"column":0},"end":{"line":6,"column":28}},"2":{"start":{"line":8,"column":10},"end":{"line":8,"column":50}},"3":{"start":{"line":10,"column":14},"end":{"line":10,"column":67}},"4":{"start":{"line":12,"column":39},"end":{"line":12,"column":95}},"5":{"start":{"line":14,"column":77},"end":{"line":14,"column":175}},"6":{"start":{"line":14,"column":94},"end":{"line":14,"column":107}},"7":{"start":{"line":14,"column":121},"end":{"line":14,"column":131}},"8":{"start":{"line":14,"column":151},"end":{"line":14,"column":165}},"9":{"start":{"line":14,"column":166},"end":{"line":14,"column":173}},"10":{"start":{"line":14,"column":176},"end":{"line":14,"column":263}},"11":{"start":{"line":14,"column":193},"end":{"line":14,"column":208}},"12":{"start":{"line":14,"column":218},"end":{"line":14,"column":261}},"13":{"start":{"line":16,"column":33},"end":{"line":16,"column":387}},"14":{"start":{"line":16,"column":65},"end":{"line":16,"column":69}},"15":{"start":{"line":16,"column":78},"end":{"line":16,"column":87}},"16":{"start":{"line":16,"column":89},"end":{"line":16,"column":384}},"17":{"start":{"line":16,"column":147},"end":{"line":16,"column":167}},"18":{"start":{"line":16,"column":193},"end":{"line":16,"column":264}},"19":{"start":{"line":16,"column":290},"end":{"line":16,"column":360}},"20":{"start":{"line":16,"column":363},"end":{"line":16,"column":380}},"21":{"start":{"line":18,"column":50},"end":{"line":18,"column":151}},"22":{"start":{"line":18,"column":92},"end":{"line":18,"column":149}},"23":{"start":{"line":20,"column":44},"end":{"line":20,"column":315}},"24":{"start":{"line":20,"column":57},"end":{"line":20,"column":58}},"25":{"start":{"line":20,"column":102},"end":{"line":20,"column":110}},"26":{"start":{"line":20,"column":112},"end":{"line":20,"column":167}},"27":{"start":{"line":20,"column":168},"end":{"line":20,"column":199}},"28":{"start":{"line":20,"column":200},"end":{"line":20,"column":254}},"29":{"start":{"line":20,"column":227},"end":{"line":20,"column":254}},"30":{"start":{"line":20,"column":255},"end":{"line":20,"column":313}},"31":{"start":{"line":22,"column":62},"end":{"line":22,"column":131}},"32":{"start":{"line":22,"column":78},"end":{"line":22,"column":131}},"33":{"start":{"line":22,"column":132},"end":{"line":22,"column":193}},"34":{"start":{"line":22,"column":149},"end":{"line":22,"column":193}},"35":{"start":{"line":22,"column":194},"end":{"line":22,"column":213}},"36":{"start":{"line":24,"column":24},"end":{"line":157,"column":3}},"37":{"start":{"line":26,"column":4},"end":{"line":26,"column":32}},"38":{"start":{"line":29,"column":2},"end":{"line":154,"column":6}},"39":{"start":{"line":32,"column":20},"end":{"line":64,"column":9}},"40":{"start":{"line":35,"column":8},"end":{"line":63,"column":37}},"41":{"start":{"line":36,"column":10},"end":{"line":62,"column":11}},"42":{"start":{"line":37,"column":12},"end":{"line":61,"column":13}},"43":{"start":{"line":39,"column":16},"end":{"line":39,"column":153}},"44":{"start":{"line":40,"column":16},"end":{"line":40,"column":78}},"45":{"start":{"line":41,"column":16},"end":{"line":41,"column":34}},"46":{"start":{"line":42,"column":16},"end":{"line":42,"column":34}},"47":{"start":{"line":43,"column":16},"end":{"line":43,"column":65}},"48":{"start":{"line":46,"column":16},"end":{"line":46,"column":48}},"49":{"start":{"line":47,"column":16},"end":{"line":47,"column":44}},"50":{"start":{"line":48,"column":16},"end":{"line":48,"column":58}},"51":{"start":{"line":51,"column":16},"end":{"line":51,"column":35}},"52":{"start":{"line":52,"column":16},"end":{"line":52,"column":51}},"53":{"start":{"line":54,"column":16},"end":{"line":54,"column":53}},"54":{"start":{"line":56,"column":16},"end":{"line":56,"column":62}},"55":{"start":{"line":60,"column":16},"end":{"line":60,"column":39}},"56":{"start":{"line":67,"column":8},"end":{"line":67,"column":46}},"57":{"start":{"line":70,"column":6},"end":{"line":70,"column":20}},"58":{"start":{"line":75,"column":21},"end":{"line":106,"column":9}},"59":{"start":{"line":78,"column":8},"end":{"line":105,"column":37}},"60":{"start":{"line":79,"column":10},"end":{"line":104,"column":11}},"61":{"start":{"line":80,"column":12},"end":{"line":103,"column":13}},"62":{"start":{"line":82,"column":16},"end":{"line":82,"column":64}},"63":{"start":{"line":83,"column":16},"end":{"line":83,"column":35}},"64":{"start":{"line":84,"column":16},"end":{"line":84,"column":35}},"65":{"start":{"line":85,"column":16},"end":{"line":85,"column":63}},"66":{"start":{"line":88,"column":16},"end":{"line":88,"column":50}},"67":{"start":{"line":89,"column":16},"end":{"line":89,"column":45}},"68":{"start":{"line":90,"column":16},"end":{"line":90,"column":59}},"69":{"start":{"line":93,"column":16},"end":{"line":93,"column":35}},"70":{"start":{"line":94,"column":16},"end":{"line":94,"column":53}},"71":{"start":{"line":96,"column":16},"end":{"line":96,"column":54}},"72":{"start":{"line":98,"column":16},"end":{"line":98,"column":64}},"73":{"start":{"line":102,"column":16},"end":{"line":102,"column":40}},"74":{"start":{"line":109,"column":8},"end":{"line":109,"column":47}},"75":{"start":{"line":112,"column":6},"end":{"line":112,"column":21}},"76":{"start":{"line":117,"column":24},"end":{"line":146,"column":9}},"77":{"start":{"line":120,"column":8},"end":{"line":145,"column":38}},"78":{"start":{"line":121,"column":10},"end":{"line":144,"column":11}},"79":{"start":{"line":122,"column":12},"end":{"line":143,"column":13}},"80":{"start":{"line":124,"column":16},"end":{"line":124,"column":75}},"81":{"start":{"line":125,"column":16},"end":{"line":125,"column":35}},"82":{"start":{"line":126,"column":16},"end":{"line":126,"column":35}},"83":{"start":{"line":127,"column":16},"end":{"line":127,"column":59}},"84":{"start":{"line":130,"column":16},"end":{"line":130,"column":50}},"85":{"start":{"line":131,"column":16},"end":{"line":131,"column":45}},"86":{"start":{"line":132,"column":16},"end":{"line":132,"column":34}},"87":{"start":{"line":133,"column":16},"end":{"line":133,"column":59}},"88":{"start":{"line":136,"column":16},"end":{"line":136,"column":36}},"89":{"start":{"line":137,"column":16},"end":{"line":137,"column":53}},"90":{"start":{"line":138,"column":16},"end":{"line":138,"column":64}},"91":{"start":{"line":142,"column":16},"end":{"line":142,"column":40}},"92":{"start":{"line":149,"column":8},"end":{"line":149,"column":50}},"93":{"start":{"line":152,"column":6},"end":{"line":152,"column":24}},"94":{"start":{"line":156,"column":2},"end":{"line":156,"column":14}},"95":{"start":{"line":159,"column":15},"end":{"line":159,"column":25}},"96":{"start":{"line":161,"column":0},"end":{"line":161,"column":30}}},"fnMap":{"0":{"name":"_interopRequireDefault","decl":{"start":{"line":12,"column":9},"end":{"line":12,"column":31}},"loc":{"start":{"line":12,"column":37},"end":{"line":12,"column":97}},"line":12},"1":{"name":"asyncGeneratorStep","decl":{"start":{"line":14,"column":9},"end":{"line":14,"column":27}},"loc":{"start":{"line":14,"column":75},"end":{"line":14,"column":265}},"line":14},"2":{"name":"_asyncToGenerator","decl":{"start":{"line":16,"column":9},"end":{"line":16,"column":26}},"loc":{"start":{"line":16,"column":31},"end":{"line":16,"column":389}},"line":16},"3":{"name":"(anonymous_3)","decl":{"start":{"line":16,"column":40},"end":{"line":16,"column":41}},"loc":{"start":{"line":16,"column":52},"end":{"line":16,"column":386}},"line":16},"4":{"name":"(anonymous_4)","decl":{"start":{"line":16,"column":108},"end":{"line":16,"column":109}},"loc":{"start":{"line":16,"column":135},"end":{"line":16,"column":382}},"line":16},"5":{"name":"_next","decl":{"start":{"line":16,"column":178},"end":{"line":16,"column":183}},"loc":{"start":{"line":16,"column":191},"end":{"line":16,"column":266}},"line":16},"6":{"name":"_throw","decl":{"start":{"line":16,"column":276},"end":{"line":16,"column":282}},"loc":{"start":{"line":16,"column":288},"end":{"line":16,"column":362}},"line":16},"7":{"name":"_classCallCheck","decl":{"start":{"line":18,"column":9},"end":{"line":18,"column":24}},"loc":{"start":{"line":18,"column":48},"end":{"line":18,"column":153}},"line":18},"8":{"name":"_defineProperties","decl":{"start":{"line":20,"column":9},"end":{"line":20,"column":26}},"loc":{"start":{"line":20,"column":42},"end":{"line":20,"column":317}},"line":20},"9":{"name":"_createClass","decl":{"start":{"line":22,"column":9},"end":{"line":22,"column":21}},"loc":{"start":{"line":22,"column":60},"end":{"line":22,"column":215}},"line":22},"10":{"name":"(anonymous_10)","decl":{"start":{"line":24,"column":24},"end":{"line":24,"column":25}},"loc":{"start":{"line":24,"column":36},"end":{"line":157,"column":1}},"line":24},"11":{"name":"User","decl":{"start":{"line":25,"column":11},"end":{"line":25,"column":15}},"loc":{"start":{"line":25,"column":18},"end":{"line":27,"column":3}},"line":25},"12":{"name":"(anonymous_12)","decl":{"start":{"line":31,"column":11},"end":{"line":31,"column":12}},"loc":{"start":{"line":31,"column":23},"end":{"line":71,"column":5}},"line":31},"13":{"name":"_callee","decl":{"start":{"line":32,"column":85},"end":{"line":32,"column":92}},"loc":{"start":{"line":32,"column":99},"end":{"line":64,"column":7}},"line":32},"14":{"name":"_callee$","decl":{"start":{"line":35,"column":48},"end":{"line":35,"column":56}},"loc":{"start":{"line":35,"column":67},"end":{"line":63,"column":9}},"line":35},"15":{"name":"create","decl":{"start":{"line":66,"column":15},"end":{"line":66,"column":21}},"loc":{"start":{"line":66,"column":26},"end":{"line":68,"column":7}},"line":66},"16":{"name":"(anonymous_16)","decl":{"start":{"line":74,"column":11},"end":{"line":74,"column":12}},"loc":{"start":{"line":74,"column":23},"end":{"line":113,"column":5}},"line":74},"17":{"name":"_callee2","decl":{"start":{"line":75,"column":86},"end":{"line":75,"column":94}},"loc":{"start":{"line":75,"column":99},"end":{"line":106,"column":7}},"line":75},"18":{"name":"_callee2$","decl":{"start":{"line":78,"column":48},"end":{"line":78,"column":57}},"loc":{"start":{"line":78,"column":69},"end":{"line":105,"column":9}},"line":78},"19":{"name":"getById","decl":{"start":{"line":108,"column":15},"end":{"line":108,"column":22}},"loc":{"start":{"line":108,"column":28},"end":{"line":110,"column":7}},"line":108},"20":{"name":"(anonymous_20)","decl":{"start":{"line":116,"column":11},"end":{"line":116,"column":12}},"loc":{"start":{"line":116,"column":23},"end":{"line":153,"column":5}},"line":116},"21":{"name":"_callee3","decl":{"start":{"line":117,"column":89},"end":{"line":117,"column":97}},"loc":{"start":{"line":117,"column":112},"end":{"line":146,"column":7}},"line":117},"22":{"name":"_callee3$","decl":{"start":{"line":120,"column":48},"end":{"line":120,"column":57}},"loc":{"start":{"line":120,"column":69},"end":{"line":145,"column":9}},"line":120},"23":{"name":"getByField","decl":{"start":{"line":148,"column":15},"end":{"line":148,"column":25}},"loc":{"start":{"line":148,"column":36},"end":{"line":150,"column":7}},"line":148}},"branchMap":{"0":{"loc":{"start":{"line":12,"column":46},"end":{"line":12,"column":94}},"type":"cond-expr","locations":[{"start":{"line":12,"column":70},"end":{"line":12,"column":73}},{"start":{"line":12,"column":76},"end":{"line":12,"column":94}}],"line":12},"1":{"loc":{"start":{"line":12,"column":46},"end":{"line":12,"column":67}},"type":"binary-expr","locations":[{"start":{"line":12,"column":46},"end":{"line":12,"column":49}},{"start":{"line":12,"column":53},"end":{"line":12,"column":67}}],"line":12},"2":{"loc":{"start":{"line":14,"column":176},"end":{"line":14,"column":263}},"type":"if","locations":[{"start":{"line":14,"column":176},"end":{"line":14,"column":263}},{"start":{"line":14,"column":176},"end":{"line":14,"column":263}}],"line":14},"3":{"loc":{"start":{"line":18,"column":50},"end":{"line":18,"column":151}},"type":"if","locations":[{"start":{"line":18,"column":50},"end":{"line":18,"column":151}},{"start":{"line":18,"column":50},"end":{"line":18,"column":151}}],"line":18},"4":{"loc":{"start":{"line":20,"column":136},"end":{"line":20,"column":166}},"type":"binary-expr","locations":[{"start":{"line":20,"column":136},"end":{"line":20,"column":157}},{"start":{"line":20,"column":161},"end":{"line":20,"column":166}}],"line":20},"5":{"loc":{"start":{"line":20,"column":200},"end":{"line":20,"column":254}},"type":"if","locations":[{"start":{"line":20,"column":200},"end":{"line":20,"column":254}},{"start":{"line":20,"column":200},"end":{"line":20,"column":254}}],"line":20},"6":{"loc":{"start":{"line":22,"column":62},"end":{"line":22,"column":131}},"type":"if","locations":[{"start":{"line":22,"column":62},"end":{"line":22,"column":131}},{"start":{"line":22,"column":62},"end":{"line":22,"column":131}}],"line":22},"7":{"loc":{"start":{"line":22,"column":132},"end":{"line":22,"column":193}},"type":"if","locations":[{"start":{"line":22,"column":132},"end":{"line":22,"column":193}},{"start":{"line":22,"column":132},"end":{"line":22,"column":193}}],"line":22},"8":{"loc":{"start":{"line":37,"column":12},"end":{"line":61,"column":13}},"type":"switch","locations":[{"start":{"line":38,"column":14},"end":{"line":43,"column":65}},{"start":{"line":45,"column":14},"end":{"line":48,"column":58}},{"start":{"line":50,"column":14},"end":{"line":56,"column":62}},{"start":{"line":58,"column":14},"end":{"line":58,"column":22}},{"start":{"line":59,"column":14},"end":{"line":60,"column":39}}],"line":37},"9":{"loc":{"start":{"line":80,"column":12},"end":{"line":103,"column":13}},"type":"switch","locations":[{"start":{"line":81,"column":14},"end":{"line":85,"column":63}},{"start":{"line":87,"column":14},"end":{"line":90,"column":59}},{"start":{"line":92,"column":14},"end":{"line":98,"column":64}},{"start":{"line":100,"column":14},"end":{"line":100,"column":22}},{"start":{"line":101,"column":14},"end":{"line":102,"column":40}}],"line":80},"10":{"loc":{"start":{"line":122,"column":12},"end":{"line":143,"column":13}},"type":"switch","locations":[{"start":{"line":123,"column":14},"end":{"line":127,"column":59}},{"start":{"line":129,"column":14},"end":{"line":133,"column":59}},{"start":{"line":135,"column":14},"end":{"line":138,"column":64}},{"start":{"line":140,"column":14},"end":{"line":140,"column":22}},{"start":{"line":141,"column":14},"end":{"line":142,"column":40}}],"line":122}},"s":{"0":1,"1":1,"2":1,"3":1,"4":2,"5":20,"6":20,"7":20,"8":0,"9":0,"10":20,"11":10,"12":10,"13":3,"14":10,"15":10,"16":10,"17":10,"18":20,"19":0,"20":10,"21":1,"22":0,"23":1,"24":1,"25":3,"26":3,"27":3,"28":3,"29":3,"30":3,"31":1,"32":1,"33":1,"34":0,"35":1,"36":1,"37":1,"38":1,"39":1,"40":3,"41":9,"42":9,"43":3,"44":3,"45":3,"46":3,"47":3,"48":3,"49":3,"50":3,"51":0,"52":0,"53":0,"54":0,"55":3,"56":3,"57":1,"58":1,"59":0,"60":0,"61":0,"62":0,"63":0,"64":0,"65":0,"66":0,"67":0,"68":0,"69":0,"70":0,"71":0,"72":0,"73":0,"74":0,"75":1,"76":1,"77":7,"78":21,"79":21,"80":7,"81":7,"82":7,"83":7,"84":7,"85":7,"86":7,"87":7,"88":0,"89":0,"90":0,"91":7,"92":7,"93":1,"94":1,"95":1,"96":1},"f":{"0":2,"1":20,"2":3,"3":10,"4":10,"5":20,"6":0,"7":1,"8":1,"9":1,"10":1,"11":1,"12":1,"13":3,"14":9,"15":3,"16":1,"17":0,"18":0,"19":0,"20":1,"21":7,"22":21,"23":7},"b":{"0":[2,0],"1":[2,2],"2":[10,10],"3":[0,1],"4":[3,3],"5":[3,0],"6":[1,0],"7":[0,1],"8":[3,3,0,0,3],"9":[0,0,0,0,0],"10":[7,7,0,0,7]},"inputSourceMap":{"version":3,"sources":["User.js"],"names":["User","data","createQuery","values","name","email","password","isAdmin","db","query","rows","logger","info","id","field","value","text","console","log"],"mappings":";;;;;;;AAAA;;AACA;;;;;;;;;;;;;;IAEMA,I;;;;;;;;4EACF,iBAAaC,IAAb;AAAA;;AAAA;AAAA;AAAA;AAAA;AACUC,gBAAAA,WADV;AAKUC,gBAAAA,MALV,GAKmB,CACXF,IAAI,CAACG,IADM,EAEXH,IAAI,CAACI,KAFM,EAGXJ,IAAI,CAACK,QAHM,EAIXL,IAAI,CAACM,OAJM,CALnB;AAAA;AAAA;AAAA,uBAc+BC,eAAGC,KAAH,CAASP,WAAT,EAAsBC,MAAtB,CAd/B;;AAAA;AAAA;AAcgBO,gBAAAA,IAdhB,mBAcgBA,IAdhB;AAAA,iDAeeA,IAAI,CAAC,CAAD,CAfnB;;AAAA;AAAA;AAAA;;AAiBQC,mCAAOC,IAAP;;AAjBR;;AAAA;AAAA;AAAA;AAAA;AAAA;AAAA;AAAA,O;;;;;;;;;;;6EAsBA,kBAAcC,EAAd;AAAA;;AAAA;AAAA;AAAA;AAAA;AACUX,gBAAAA,WADV;AAAA;AAAA;AAAA,uBAG+BM,eAAGC,KAAH,CAASP,WAAT,EAAsB,CAACW,EAAD,CAAtB,CAH/B;;AAAA;AAAA;AAGgBH,gBAAAA,IAHhB,oBAGgBA,IAHhB;AAAA,kDAIeA,IAAI,CAAC,CAAD,CAJnB;;AAAA;AAAA;AAAA;;AAMQC,mCAAOC,IAAP;;AANR;;AAAA;AAAA;AAAA;AAAA;AAAA;AAAA;AAAA,O;;;;;;;;;;;gFAWA,kBAAiBE,KAAjB,EAAwBC,KAAxB;AAAA;;AAAA;AAAA;AAAA;AAAA;AACUC,gBAAAA,IADV,uCAC8CF,KAD9C;AAAA;AAAA;AAAA,uBAG+BN,eAAGC,KAAH,CAASO,IAAT,EAAe,CAACD,KAAD,CAAf,CAH/B;;AAAA;AAAA;AAGgBL,gBAAAA,IAHhB,oBAGgBA,IAHhB;AAIQO,gBAAAA,OAAO,CAACC,GAAR,CAAYR,IAAZ;AAJR,kDAKaA,IAAI,CAAC,CAAD,CALjB;;AAAA;AAAA;AAAA;AAAA;;AAAA;AAAA;AAAA;AAAA;AAAA;AAAA;AAAA,O;;;;;;;;;;;;;eAYW,IAAIV,IAAJ,E","sourceRoot":"E:\\backup\\MATTHEW\\MA LIBRARY\\portfolio\\e-shop\\e-shop-server\\src\\model\\","sourcesContent":["import db from '../db';\r\nimport logger from '../services/logger';\r\n\r\nclass User {\r\n    async create(data) {\r\n        const createQuery = `INSERT INTO users (\"name\", \"email\", \"password\", \"isAdmin\")\r\n         VALUES($1, $2, $3, $4)\r\n         returning*`;\r\n        \r\n        const values = [\r\n            data.name,\r\n            data.email,\r\n            data.password,\r\n            data.isAdmin,\r\n        ];\r\n\r\n        \r\n        try {\r\n            const { rows } = await db.query(createQuery, values);\r\n            return rows[0]\r\n        } catch (error) {\r\n            logger.info(error);\r\n            return error;\r\n        }\r\n    }\r\n\r\n    async getById(id) {\r\n        const createQuery = `SELECT * FROM users WHERE id=$1`;\r\n        try {\r\n            const { rows } = await db.query(createQuery, [id])\r\n            return rows[0]\r\n        } catch (error) {\r\n            logger.info(error)\r\n            return error\r\n        }\r\n    }\r\n\r\n    async getByField(field, value) {\r\n        const text = `SELECT * FROM users WHERE ${field} = $1`;\r\n        try {\r\n            const { rows } = await db.query(text, [value]);\r\n            console.log(rows)\r\n          return rows[0];\r\n        } catch (error) {\r\n          return error;\r\n        }\r\n    }\r\n}\r\n\r\nexport default new User();\r\n            "]},"_coverageSchema":"1a1c01bbd47fc00a2c39e90264f33305004495a9","hash":"4c0894485e973527eb37607ff4bad999da9f9e58","contentHash":"a833c1699a5056b5b50d7013bfc5955f63a9ee76c833ae219c80797f0d4b14d1"},"E:\\backup\\MATTHEW\\MA LIBRARY\\portfolio\\e-shop\\e-shop-server\\src\\db\\index.js":{"path":"E:\\backup\\MATTHEW\\MA LIBRARY\\portfolio\\e-shop\\e-shop-server\\src\\db\\index.js","statementMap":{"0":{"start":{"line":3,"column":0},"end":{"line":5,"column":3}},"1":{"start":{"line":6,"column":0},"end":{"line":6,"column":55}},"2":{"start":{"line":8,"column":14},"end":{"line":8,"column":67}},"3":{"start":{"line":10,"column":10},"end":{"line":10,"column":23}},"4":{"start":{"line":12,"column":39},"end":{"line":12,"column":95}},"5":{"start":{"line":14,"column":0},"end":{"line":14,"column":27}},"6":{"start":{"line":17,"column":0},"end":{"line":17,"column":44}},"7":{"start":{"line":19,"column":0},"end":{"line":23,"column":1}},"8":{"start":{"line":20,"column":2},"end":{"line":20,"column":78}},"9":{"start":{"line":22,"column":2},"end":{"line":22,"column":73}},"10":{"start":{"line":25,"column":0},"end":{"line":25,"column":75}},"11":{"start":{"line":27,"column":9},"end":{"line":29,"column":2}},"12":{"start":{"line":30,"column":0},"end":{"line":30,"column":13}},"13":{"start":{"line":31,"column":0},"end":{"line":33,"column":3}},"14":{"start":{"line":32,"column":2},"end":{"line":32,"column":51}},"15":{"start":{"line":34,"column":0},"end":{"line":36,"column":3}},"16":{"start":{"line":35,"column":2},"end":{"line":35,"column":59}},"17":{"start":{"line":37,"column":15},"end":{"line":37,"column":17}},"18":{"start":{"line":38,"column":0},"end":{"line":38,"column":30}}},"fnMap":{"0":{"name":"_interopRequireDefault","decl":{"start":{"line":12,"column":9},"end":{"line":12,"column":31}},"loc":{"start":{"line":12,"column":37},"end":{"line":12,"column":97}},"line":12},"1":{"name":"(anonymous_1)","decl":{"start":{"line":31,"column":17},"end":{"line":31,"column":18}},"loc":{"start":{"line":31,"column":29},"end":{"line":33,"column":1}},"line":31},"2":{"name":"(anonymous_2)","decl":{"start":{"line":34,"column":15},"end":{"line":34,"column":16}},"loc":{"start":{"line":34,"column":27},"end":{"line":36,"column":1}},"line":34}},"branchMap":{"0":{"loc":{"start":{"line":12,"column":46},"end":{"line":12,"column":94}},"type":"cond-expr","locations":[{"start":{"line":12,"column":70},"end":{"line":12,"column":73}},{"start":{"line":12,"column":76},"end":{"line":12,"column":94}}],"line":12},"1":{"loc":{"start":{"line":12,"column":46},"end":{"line":12,"column":67}},"type":"binary-expr","locations":[{"start":{"line":12,"column":46},"end":{"line":12,"column":49}},{"start":{"line":12,"column":53},"end":{"line":12,"column":67}}],"line":12},"2":{"loc":{"start":{"line":19,"column":0},"end":{"line":23,"column":1}},"type":"if","locations":[{"start":{"line":19,"column":0},"end":{"line":23,"column":1}},{"start":{"line":19,"column":0},"end":{"line":23,"column":1}}],"line":19}},"s":{"0":1,"1":1,"2":1,"3":1,"4":1,"5":1,"6":1,"7":1,"8":0,"9":1,"10":1,"11":1,"12":1,"13":1,"14":2,"15":1,"16":0,"17":1,"18":1},"f":{"0":1,"1":2,"2":0},"b":{"0":[1,0],"1":[1,1],"2":[0,1]},"inputSourceMap":{"version":3,"sources":["index.js"],"names":["require","config","connectionString","process","env","NODE_ENV","DATABASE_TEST_URL","DATABASE_URL","logger","info","db","Pool","connect","on"],"mappings":";;;;;;;AAAA;;AAEA;;;;AADAA,OAAO,CAAE,QAAF,CAAP,CAAmBC,MAAnB;;AAGA,IAAIC,gBAAJ;;;AACA,IAAIC,OAAO,CAACC,GAAR,CAAYC,QAAZ,KAAyB,MAA7B,EAAqC;AACjC,6BAAAH,gBAAgB,GAAGC,OAAO,CAACC,GAAR,CAAYE,iBAA/B;AACH,CAFD,MAEO;AACH,6BAAAJ,gBAAgB,GAAGC,OAAO,CAACC,GAAR,CAAYG,YAA/B;AACH;;AACDC,mBAAOC,IAAP,6BAAiCN,OAAO,CAACC,GAAR,CAAYC,QAA7C;;AAEA,IAAMK,EAAE,GAAG,IAAIC,QAAJ,CAAS;AAChBT,EAAAA,gBAAgB,EAAhBA;AADgB,CAAT,CAAX;AAGAQ,EAAE,CAACE,OAAH;AACAF,EAAE,CAACG,EAAH,CAAM,SAAN,EAAiB,YAAK;AAClBL,qBAAOC,IAAP,CAAY,uBAAZ;AACH,CAFD;AAGAC,EAAE,CAACG,EAAH,CAAM,OAAN,EAAe,YAAK;AAChBL,qBAAOC,IAAP,CAAY,+BAAZ;AACH,CAFD;eAKeC,E","sourceRoot":"E:\\backup\\MATTHEW\\MA LIBRARY\\portfolio\\e-shop\\e-shop-server\\src\\db\\","sourcesContent":["import logger from '../services/logger';\r\nrequire ('dotenv').config()\r\nimport { Pool } from 'pg';\r\n\r\nlet connectionString;\r\nif (process.env.NODE_ENV === 'test') {\r\n    connectionString = process.env.DATABASE_TEST_URL\r\n} else {\r\n    connectionString = process.env.DATABASE_URL\r\n}\r\nlogger.info(`NODE_environment: ${process.env.NODE_ENV}`)\r\n\r\nconst db = new Pool({\r\n    connectionString\r\n})\r\ndb.connect()\r\ndb.on('connect', ()=> {\r\n    logger.info('connected to database')\r\n})\r\ndb.on('error', ()=> {\r\n    logger.info('failed to connect to database')\r\n})\r\n\r\nexport {connectionString};\r\nexport default db;"]},"_coverageSchema":"1a1c01bbd47fc00a2c39e90264f33305004495a9","hash":"fef17310b911d222c2bff750f0b7d1f3c1cc9643","contentHash":"16f5536945026a1a7d05cd175be3739e3169977451160466911af33865ceed36"},"E:\\backup\\MATTHEW\\MA LIBRARY\\portfolio\\e-shop\\e-shop-server\\src\\services\\logger.js":{"path":"E:\\backup\\MATTHEW\\MA LIBRARY\\portfolio\\e-shop\\e-shop-server\\src\\services\\logger.js","statementMap":{"0":{"start":{"line":3,"column":0},"end":{"line":5,"column":3}},"1":{"start":{"line":6,"column":0},"end":{"line":6,"column":28}},"2":{"start":{"line":8,"column":15},"end":{"line":8,"column":57}},"3":{"start":{"line":10,"column":39},"end":{"line":10,"column":95}},"4":{"start":{"line":12,"column":13},"end":{"line":16,"column":2}},"5":{"start":{"line":18,"column":15},"end":{"line":18,"column":21}},"6":{"start":{"line":19,"column":0},"end":{"line":19,"column":30}}},"fnMap":{"0":{"name":"_interopRequireDefault","decl":{"start":{"line":10,"column":9},"end":{"line":10,"column":31}},"loc":{"start":{"line":10,"column":37},"end":{"line":10,"column":97}},"line":10}},"branchMap":{"0":{"loc":{"start":{"line":10,"column":46},"end":{"line":10,"column":94}},"type":"cond-expr","locations":[{"start":{"line":10,"column":70},"end":{"line":10,"column":73}},{"start":{"line":10,"column":76},"end":{"line":10,"column":94}}],"line":10},"1":{"loc":{"start":{"line":10,"column":46},"end":{"line":10,"column":67}},"type":"binary-expr","locations":[{"start":{"line":10,"column":46},"end":{"line":10,"column":49}},{"start":{"line":10,"column":53},"end":{"line":10,"column":67}}],"line":10}},"s":{"0":1,"1":1,"2":1,"3":1,"4":1,"5":1,"6":1},"f":{"0":1},"b":{"0":[0,1],"1":[1,1]},"inputSourceMap":{"version":3,"sources":["logger.js"],"names":["logger","winston","createLogger","level","format","json","transports","Console"],"mappings":";;;;;;;AAAA;;;;AAEA,IAAMA,MAAM,GAAGC,oBAAQC,YAAR,CAAqB;AAClCC,EAAAA,KAAK,EAAE,MAD2B;AAElCC,EAAAA,MAAM,EAAEH,oBAAQG,MAAR,CAAeC,IAAf,EAF0B;AAGlCC,EAAAA,UAAU,EAAE,CACV,IAAIL,oBAAQK,UAAR,CAAmBC,OAAvB,EADU;AAHsB,CAArB,CAAf;;eAQeP,M","sourceRoot":"E:\\backup\\MATTHEW\\MA LIBRARY\\portfolio\\e-shop\\e-shop-server\\src\\services\\","sourcesContent":["import winston from 'winston';\r\n\r\nconst logger = winston.createLogger({\r\n  level: 'info',\r\n  format: winston.format.json(),\r\n  transports: [\r\n    new winston.transports.Console(),\r\n  ],\r\n});\r\n\r\nexport default logger;\r\n"]},"_coverageSchema":"1a1c01bbd47fc00a2c39e90264f33305004495a9","hash":"4ed4b34db4a51173dbc776b915d004e78deda465","contentHash":"64dba8cc84fe0e7cf513a9c4d347ec6835673d065d1da275995183da6929e8b7"},"E:\\backup\\MATTHEW\\MA LIBRARY\\portfolio\\e-shop\\e-shop-server\\src\\middlewares\\validations\\signupValidation.js":{"path":"E:\\backup\\MATTHEW\\MA LIBRARY\\portfolio\\e-shop\\e-shop-server\\src\\middlewares\\validations\\signupValidation.js","statementMap":{"0":{"start":{"line":3,"column":0},"end":{"line":5,"column":3}},"1":{"start":{"line":6,"column":0},"end":{"line":6,"column":28}},"2":{"start":{"line":7,"column":21},"end":{"line":33,"column":1}},"3":{"start":{"line":10,"column":4},"end":{"line":10,"column":57}},"4":{"start":{"line":11,"column":4},"end":{"line":14,"column":68}},"5":{"start":{"line":15,"column":4},"end":{"line":15,"column":86}},"6":{"start":{"line":16,"column":4},"end":{"line":18,"column":66}},"7":{"start":{"line":19,"column":4},"end":{"line":19,"column":95}},"8":{"start":{"line":20,"column":17},"end":{"line":20,"column":39}},"9":{"start":{"line":22,"column":4},"end":{"line":29,"column":5}},"10":{"start":{"line":23,"column":23},"end":{"line":25,"column":11}},"11":{"start":{"line":24,"column":8},"end":{"line":24,"column":25}},"12":{"start":{"line":26,"column":6},"end":{"line":28,"column":9}},"13":{"start":{"line":31,"column":4},"end":{"line":31,"column":11}},"14":{"start":{"line":34,"column":15},"end":{"line":34,"column":29}},"15":{"start":{"line":35,"column":0},"end":{"line":35,"column":30}}},"fnMap":{"0":{"name":"signupValidation","decl":{"start":{"line":8,"column":29},"end":{"line":8,"column":45}},"loc":{"start":{"line":8,"column":62},"end":{"line":32,"column":3}},"line":8},"1":{"name":"(anonymous_1)","decl":{"start":{"line":23,"column":34},"end":{"line":23,"column":35}},"loc":{"start":{"line":23,"column":51},"end":{"line":25,"column":7}},"line":23}},"branchMap":{"0":{"loc":{"start":{"line":22,"column":4},"end":{"line":29,"column":5}},"type":"if","locations":[{"start":{"line":22,"column":4},"end":{"line":29,"column":5}},{"start":{"line":22,"column":4},"end":{"line":29,"column":5}}],"line":22}},"s":{"0":1,"1":1,"2":1,"3":3,"4":3,"5":3,"6":3,"7":3,"8":3,"9":3,"10":0,"11":0,"12":0,"13":3,"14":1,"15":1},"f":{"0":3,"1":0},"b":{"0":[0,3]},"inputSourceMap":{"version":3,"sources":["signupValidation.js"],"names":["validateSignup","signupValidation","req","res","next","check","notEmpty","isLength","min","max","withMessage","matches","errors","validationErrors","firstError","map","error","msg","status","json"],"mappings":";;;;;;AAAA,IAAMA,cAAc,GAAG;AACnBC,EAAAA,gBAAgB,EAAE,0BAACC,GAAD,EAAKC,GAAL,EAASC,IAAT,EAAkB;AAChC;AACAF,IAAAA,GAAG,CAACG,KAAJ,CAAU,OAAV,EAAmB,qBAAnB,EAA0CC,QAA1C;AACAJ,IAAAA,GAAG,CAACG,KAAJ,CAAU,OAAV,EAAmBE,QAAnB,CAA4B;AAACC,MAAAA,GAAG,EAAE,CAAN;AAASC,MAAAA,GAAG,EAAE;AAAd,KAA5B,EAAgDC,WAAhD,CAA4D,+CAA5D;AACAR,IAAAA,GAAG,CAACG,KAAJ,CAAU,OAAV,EAAmBM,OAAnB,CAA2B,OAA3B,EAAoCD,WAApC,CAAgD,gCAAhD;AACAR,IAAAA,GAAG,CAACG,KAAJ,CAAU,UAAV,EAAsBE,QAAtB,CAA+B;AAACC,MAAAA,GAAG,EAAE;AAAN,KAA/B,EAAyCE,WAAzC,CAAqD,6CAArD;AACAR,IAAAA,GAAG,CAACG,KAAJ,CAAU,UAAV,EAAsBM,OAAtB,CAA8B,IAA9B,EAAoCD,WAApC,CAAgD,yCAAhD;AAEA,QAAME,MAAM,GAAGV,GAAG,CAACW,gBAAJ,EAAf;;AACA,QAAID,MAAJ,EAAY;AACR,UAAME,UAAU,GAAGF,MAAM,CAACG,GAAP,CAAW,UAAAC,KAAK;AAAA,eAAIA,KAAK,CAACC,GAAV;AAAA,OAAhB,EAA+B,CAA/B,CAAnB;AACA,aAAOd,GAAG,CAACe,MAAJ,CAAW,GAAX,EAAgBC,IAAhB,CAAqB;AAAEH,QAAAA,KAAK,EAAEF;AAAT,OAArB,CAAP;AACH;;AACDV,IAAAA,IAAI;AACP;AAfkB,CAAvB;eAkBeJ,c","sourceRoot":"E:\\backup\\MATTHEW\\MA LIBRARY\\portfolio\\e-shop\\e-shop-server\\src\\middlewares\\validations\\","sourcesContent":["const validateSignup = {\r\n    signupValidation: (req,res,next) => {\r\n        // req.check('name', 'fill in name field').notEmpty();\r\n        req.check('email', 'fill in email field').notEmpty();\r\n        req.check('email').isLength({min: 4, max: 150}).withMessage('email must contain between 4 - 150 characters');\r\n        req.check('email').matches(/.+@.+/).withMessage('email must contain an @ symbol');\r\n        req.check('password').isLength({min: 4}).withMessage('password must contain at least 6 characters');\r\n        req.check('password').matches(/\\d/).withMessage('password must contain a digit character');\r\n\r\n        const errors = req.validationErrors()\r\n        if (errors) {\r\n            const firstError = errors.map(error => error.msg)[0]\r\n            return res.status(422).json({ error: firstError })\r\n        }\r\n        next()\r\n    }\r\n}\r\n\r\nexport default validateSignup;"]},"_coverageSchema":"1a1c01bbd47fc00a2c39e90264f33305004495a9","hash":"d91a755e555616bb67add568cbeed518cbb5cd96","contentHash":"624bf20a1b790f35707f5ff1badfc8f5ea93912ec36e7780b797d9ed91cef9d3"},"E:\\backup\\MATTHEW\\MA LIBRARY\\portfolio\\e-shop\\e-shop-server\\src\\middlewares\\validations\\signinValidation.js":{"path":"E:\\backup\\MATTHEW\\MA LIBRARY\\portfolio\\e-shop\\e-shop-server\\src\\middlewares\\validations\\signinValidation.js","statementMap":{"0":{"start":{"line":3,"column":0},"end":{"line":5,"column":3}},"1":{"start":{"line":6,"column":0},"end":{"line":6,"column":28}},"2":{"start":{"line":7,"column":19},"end":{"line":32,"column":1}},"3":{"start":{"line":9,"column":4},"end":{"line":9,"column":57}},"4":{"start":{"line":10,"column":4},"end":{"line":13,"column":68}},"5":{"start":{"line":14,"column":4},"end":{"line":14,"column":86}},"6":{"start":{"line":15,"column":4},"end":{"line":17,"column":66}},"7":{"start":{"line":18,"column":4},"end":{"line":18,"column":
[...]
lumn":4},"end":{"line":34,"column":5}},{"start":{"line":27,"column":4},"end":{"line":34,"column":5}}],"line":27}},"s":{"0":1,"1":1,"2":1,"3":1,"4":1,"5":1,"6":1,"7":1,"8":1,"9":1,"10":1,"11":1,"12":0,"13":0,"14":1,"15":0,"16":0,"17":0,"18":0,"19":0,"20":1,"21":1},"f":{"0":1,"1":1,"2":0},"b":{"0":[0,0],"1":[1,0],"2":[0,0]},"inputSourceMap":{"version":3,"sources":["productValidation.js"],"names":["productValidation","createProductValidation","req","res","next","check","notEmpty","custom","value","file","mimetype","withMessage","errors","validationErrors","firstError","map","error","msg","status","json"],"mappings":";;;;;;AAAA,IAAMA,iBAAiB,GAAG;AACxBC,EAAAA,uBAAuB,EAAE,iCAACC,GAAD,EAAMC,GAAN,EAAWC,IAAX,EAAmB;AAC1CF,IAAAA,GAAG,CAACG,KAAJ,CAAU,OAAV,EAAmB,uBAAnB,EAA4CC,QAA5C;AACAJ,IAAAA,GAAG,CAACG,KAAJ,CAAU,OAAV,EAAmB,uBAAnB,EAA4CC,QAA5C;AACAJ,IAAAA,GAAG,CAACG,KAAJ,CAAU,aAAV,EAAyB,+BAAzB,EAA0DC,QAA1D;AACAJ,IAAAA,GAAG,CAACG,KAAJ,CAAU,UAAV,EAAsB,0BAAtB,EAAkDC,QAAlD;AACAJ,IAAAA,GAAG,CAACG,KAAJ,CAAU,QAAV,EAAoB,gBAApB,EAAsCC,QAAtC;AACAJ,IAAAA,GAAG,CAACG,KAAJ,CAAU,OAAV,EAAmB,2BAAnB,EAAgDC,QAAhD;AACAJ,IAAAA,GAAG,CAACG,KAAJ,CAAU,YAAV,EAAwB,0BAAxB,EAAoDC,QAApD;AACAJ,IAAAA,GAAG,CAACG,KAAJ,CAAU,OAAV,EACCE,MADD,CACQ,UAACC,KAAD,EAAU;AAChB,UAAIN,GAAG,CAACO,IAAJ,CAASC,QAAT,KAAsB,YAAtB,IAAsCR,GAAG,CAACO,IAAJ,CAASC,QAAT,KAAsB,WAAhE,EAA6E;AAC3E;AACA,eAAO,SAAP;AACD,OAHD,MAGO;AACL,eAAO,KAAP;AACD;AACF,KARD,EAQGC,WARH,CAQe,oCARf,EAR0C,CAiB1C;;AAEA,QAAMC,MAAM,GAAGV,GAAG,CAACW,gBAAJ,EAAf;;AACA,QAAID,MAAJ,EAAY;AACR,UAAME,UAAU,GAAGF,MAAM,CAACG,GAAP,CAAW,UAAAC,KAAK;AAAA,eAAIA,KAAK,CAACC,GAAV;AAAA,OAAhB,EAA+B,CAA/B,CAAnB;AACA,aAAOd,GAAG,CAACe,MAAJ,CAAW,GAAX,EAAgBC,IAAhB,CAAqB;AAACH,QAAAA,KAAK,EAAEF;AAAR,OAArB,CAAP;AACH;;AACDV,IAAAA,IAAI;AACL;AA1BuB,CAA1B;eA6BeJ,iB","sourceRoot":"E:\\backup\\MATTHEW\\MA LIBRARY\\portfolio\\e-shop\\e-shop-server\\src\\middlewares\\validations\\","sourcesContent":["const productValidation = {\r\n  createProductValidation: (req, res, next)=> {\r\n    req.check('title', 'fill in product title').notEmpty();\r\n    req.check('price', 'fill in product price').notEmpty();\r\n    req.check('description', 'enter the product description').notEmpty();\r\n    req.check('quantity', 'fill in product quantity').notEmpty();\r\n    req.check('status', 'fill in status').notEmpty();\r\n    req.check('count', 'fill in the product count').notEmpty();\r\n    req.check('producedBy', 'fill in the manufacturer').notEmpty();\r\n    req.check('image')\r\n    .custom((value)=> {\r\n      if (req.file.mimetype === 'image/jpeg' || req.file.mimetype === 'image/jpg') {\r\n        // mimetype: 'image/jpeg',\r\n        return '{.jpeg}'\r\n      } else {\r\n        return false\r\n      }\r\n    }).withMessage('Please, only submit jpeg documents')\r\n    // req.check('image', 'upload product image').notEmpty();\r\n\r\n    const errors = req.validationErrors()\r\n    if (errors) {\r\n        const firstError = errors.map(error => error.msg)[0]\r\n        return res.status(422).json({error: firstError});\r\n    }\r\n    next();\r\n  }\r\n}\r\n\r\nexport default productValidation;"]},"_coverageSchema":"1a1c01bbd47fc00a2c39e90264f33305004495a9","hash":"bfcd84be9268a835cb4cc378a58523a62693809c","contentHash":"2924f20c96e1374e0b287e8720e189cd4ca3982835d430c6a7c251f50d71ad89"},"E:\\backup\\MATTHEW\\MA LIBRARY\\portfolio\\e-shop\\e-shop-server\\src\\storage.js":{"path":"E:\\backup\\MATTHEW\\MA LIBRARY\\portfolio\\e-shop\\e-shop-server\\src\\storage.js","statementMap":{"0":{"start":{"line":3,"column":0},"end":{"line":5,"column":3}},"1":{"start":{"line":6,"column":0},"end":{"line":6,"column":24}},"2":{"start":{"line":8,"column":14},"end":{"line":8,"column":55}},"3":{"start":{"line":10,"column":39},"end":{"line":10,"column":95}},"4":{"start":{"line":12,"column":11},"end":{"line":12,"column":26}},"5":{"start":{"line":14,"column":14},"end":{"line":23,"column":2}},"6":{"start":{"line":16,"column":4},"end":{"line":16,"column":24}},"7":{"start":{"line":21,"column":4},"end":{"line":21,"column":82}},"8":{"start":{"line":25,"column":13},"end":{"line":27,"column":2}},"9":{"start":{"line":28,"column":0},"end":{"line":28,"column":24}}},"fnMap":{"0":{"name":"_interopRequireDefault","decl":{"start":{"line":10,"column":9},"end":{"line":10,"column":31}},"loc":{"start":{"line":10,"column":37},"end":{"line":10,"column":97}},"line":10},"1":{"name":"destination","decl":{"start":{"line":15,"column":24},"end":{"line":15,"column":35}},"loc":{"start":{"line":15,"column":51},"end":{"line":17,"column":3}},"line":15},"2":{"name":"filename","decl":{"start":{"line":18,"column":21},"end":{"line":18,"column":29}},"loc":{"start":{"line":18,"column":45},"end":{"line":22,"column":3}},"line":18}},"branchMap":{"0":{"loc":{"start":{"line":10,"column":46},"end":{"line":10,"column":94}},"type":"cond-expr","locations":[{"start":{"line":10,"column":70},"end":{"line":10,"column":73}},{"start":{"line":10,"column":76},"end":{"line":10,"column":94}}],"line":10},"1":{"loc":{"start":{"line":10,"column":46},"end":{"line":10,"column":67}},"type":"binary-expr","locations":[{"start":{"line":10,"column":46},"end":{"line":10,"column":49}},{"start":{"line":10,"column":53},"end":{"line":10,"column":67}}],"line":10}},"s":{"0":1,"1":1,"2":1,"3":1,"4":1,"5":1,"6":0,"7":0,"8":1,"9":1},"f":{"0":1,"1":0,"2":0},"b":{"0":[0,1],"1":[1,1]},"inputSourceMap":{"version":3,"sources":["storage.js"],"names":["path","require","storage","multer","diskStorage","destination","req","file","cb","filename","fieldname","Date","now","extname","originalname","upload"],"mappings":";;;;;;;AAAA;;;;AACA,IAAMA,IAAI,GAAGC,OAAO,CAAC,MAAD,CAApB;;AACA,IAAMC,OAAO,GAAGC,mBAAOC,WAAP,CAAmB;AAC/BC,EAAAA,WAAW,EAAE,qBAAUC,GAAV,EAAeC,IAAf,EAAqBC,EAArB,EAAyB;AACpCA,IAAAA,EAAE,CAAC,IAAD,EAAO,SAAP,CAAF;AACD,GAH8B;AAI/BC,EAAAA,QAAQ,EAAE,kBAAUH,GAAV,EAAeC,IAAf,EAAqBC,EAArB,EAAyB;AACjC;AACA;AACAA,IAAAA,EAAE,CAAC,IAAD,EAAOD,IAAI,CAACG,SAAL,GAAiB,GAAjB,GAAuBC,IAAI,CAACC,GAAL,EAAvB,GAAoCZ,IAAI,CAACa,OAAL,CAAaN,IAAI,CAACO,YAAlB,CAA3C,CAAF;AACD;AAR8B,CAAnB,CAAhB;;AAWO,IAAMC,MAAM,GAAG,wBAAO;AAAEb,EAAAA,OAAO,EAAPA;AAAF,CAAP,CAAf","sourceRoot":"E:\\backup\\MATTHEW\\MA LIBRARY\\portfolio\\e-shop\\e-shop-server\\src\\","sourcesContent":["import multer from \"multer\";\r\nconst path = require('path')\r\nconst storage = multer.diskStorage({\r\n    destination: function (req, file, cb) {\r\n      cb(null, 'uploads')\r\n    },\r\n    filename: function (req, file, cb) {\r\n      // const extension = file.mimetype.substr(file.mimetype.length - 3);\r\n      // cb(null, file.fieldname + '-' + Date.now() + `.${extension}`)\r\n      cb(null, file.fieldname + '-' + Date.now() + path.extname(file.originalname))\r\n    }\r\n});\r\n\r\nexport const upload = multer({ storage }) "]},"_coverageSchema":"1a1c01bbd47fc00a2c39e90264f33305004495a9","hash":"237a0cf2fcbff297f83bd0a77536d9bbd85c5dd3","contentHash":"892838c662c088ef048b5d1b074d9b6a53c0fb7491b39bad7fabde3db1c011ff"},"E:\\backup\\MATTHEW\\MA LIBRARY\\portfolio\\e-shop\\e-shop-server\\src\\tests\\products.js":{"path":"E:\\backup\\MATTHEW\\MA LIBRARY\\portfolio\\e-shop\\e-shop-server\\src\\tests\\products.js","statementMap":{"0":{"start":{"line":3,"column":16},"end":{"line":3,"column":60}},"1":{"start":{"line":5,"column":12},"end":{"line":5,"column":51}},"2":{"start":{"line":7,"column":11},"end":{"line":7,"column":52}},"3":{"start":{"line":9,"column":39},"end":{"line":9,"column":95}},"4":{"start":{"line":11,"column":77},"end":{"line":11,"column":175}},"5":{"start":{"line":11,"column":94},"end":{"line":11,"column":107}},"6":{"start":{"line":11,"column":121},"end":{"line":11,"column":131}},"7":{"start":{"line":11,"column":151},"end":{"line":11,"column":165}},"8":{"start":{"line":11,"column":166},"end":{"line":11,"column":173}},"9":{"start":{"line":11,"column":176},"end":{"line":11,"column":263}},"10":{"start":{"line":11,"column":193},"end":{"line":11,"column":208}},"11":{"start":{"line":11,"column":218},"end":{"line":11,"column":261}},"12":{"start":{"line":13,"column":33},"end":{"line":13,"column":387}},"13":{"start":{"line":13,"column":65},"end":{"line":13,"column":69}},"14":{"start":{"line":13,"column":78},"end":{"line":13,"column":87}},"15":{"start":{"line":13,"column":89},"end":{"line":13,"column":384}},"16":{"start":{"line":13,"column":147},"end":{"line":13,"column":167}},"17":{"start":{"line":13,"column":193},"end":{"line":13,"column":264}},"18":{"start":{"line":13,"column":290},"end":{"line":13,"column":360}},"19":{"start":{"line":13,"column":363},"end":{"line":13,"column":380}},"20":{"start":{"line":15,"column":0},"end":{"line":15,"column":43}},"21":{"start":{"line":17,"column":0},"end":{"line":17,"column":26}},"22":{"start":{"line":19,"column":0},"end":{"line":90,"column":3}},"23":{"start":{"line":20,"column":13},"end":{"line":26,"column":3}},"24":{"start":{"line":27,"column":19},"end":{"line":31,"column":3}},"25":{"start":{"line":32,"column":19},"end":{"line":35,"column":3}},"26":{"start":{"line":36,"column":2},"end":{"line":61,"column":7}},"27":{"start":{"line":38,"column":4},"end":{"line":60,"column":16}},"28":{"start":{"line":39,"column":6},"end":{"line":59,"column":7}},"29":{"start":{"line":40,"column":8},"end":{"line":58,"column":9}},"30":{"start":{"line":42,"column":12},"end":{"line":42,"column":30}},"31":{"start":{"line":43,"column":12},"end":{"line":43,"column":106}},"32":{"start":{"line":46,"column":12},"end":{"line":46,"column":32}},"33":{"start":{"line":47,"column":12},"end":{"line":47,"column":34}},"34":{"start":{"line":48,"column":12},"end":{"line":48,"column":30}},"35":{"start":{"line":49,"column":12},"end":{"line":49,"column":106}},"36":{"start":{"line":52,"column":12},"end":{"line":52,"column":32}},"37":{"start":{"line":53,"column":12},"end":{"line":53,"column":40}},"38":{"start":{"line":57,"column":12},"end":{"line":57,"column":35}},"39":{"start":{"line":62,"column":2},"end":{"line":89,"column":5}},"40":{"start":{"line":63,"column":16},"end":{"line":72,"column":5}},"41":{"start":{"line":73,"column":4},"end":{"line":73,"column":23}},"42":{"start":{"line":75,"column":4},"end":{"line":88,"column":7}},"43":{"start":{"line":76,"column":6},"end":{"line":76,"column":34}},"44":{"start":{"line":77,"column":6},"end":{"line":77,"column":37}},"45":{"start":{"line":78,"column":6},"end":{"line":78,"column":50}},"46":{"start":{"line":79,"column":6},"end":{"line":79,"column":46}},"47":{"start":{"line":80,"column":6},"end":{"line":80,"column":45}},"48":{"start":{"line":81,"column":6},"end":{"line":81,"column":45}},"49":{"start":{"line":82,"column":6},"end":{"line":82,"column":51}},"50":{"start":{"line":83,"column":6},"end":{"line":83,"column":48}},"51":{"start":{"line":84,"column":6},"end":{"line":84,"column":46}},"52":{"start":{"line":85,"column":6},"end":{"line":85,"column":45}},"53":{"start":{"line":86,"column":6},"end":{"line":86,"column":45}},"54":{"start":{"line":87,"column":6},"end":{"line":87,"column":13}}},"fnMap":{"0":{"name":"_interopRequireDefault","decl":{"start":{"line":9,"column":9},"end":{"line":9,"column":31}},"loc":{"start":{"line":9,"column":37},"end":{"line":9,"column":97}},"line":9},"1":{"name":"asyncGeneratorStep","decl":{"start":{"line":11,"column":9},"end":{"line":11,"column":27}},"loc":{"start":{"line":11,"column":75},"end":{"line":11,"column":265}},"line":11},"2":{"name":"_asyncToGenerator","decl":{"start":{"line":13,"column":9},"end":{"line":13,"column":26}},"loc":{"start":{"line":13,"column":31},"end":{"line":13,"column":389}},"line":13},"3":{"name":"(anonymous_3)","decl":{"start":{"line":13,"column":40},"end":{"line":13,"column":41}},"loc":{"start":{"line":13,"column":52},"end":{"line":13,"column":386}},"line":13},"4":{"name":"(anonymous_4)","decl":{"start":{"line":13,"column":108},"end":{"line":13,"column":109}},"loc":{"start":{"line":13,"column":135},"end":{"line":13,"column":382}},"line":13},"5":{"name":"_next","decl":{"start":{"line":13,"column":178},"end":{"line":13,"column":183}},"loc":{"start":{"line":13,"column":191},"end":{"line":13,"column":266}},"line":13},"6":{"name":"_throw","decl":{"start":{"line":13,"column":276},"end":{"line":13,"column":282}},"loc":{"start":{"line":13,"column":288},"end":{"line":13,"column":362}},"line":13},"7":{"name":"(anonymous_7)","decl":{"start":{"line":19,"column":39},"end":{"line":19,"column":40}},"loc":{"start":{"line":19,"column":51},"end":{"line":90,"column":1}},"line":19},"8":{"name":"_callee","decl":{"start":{"line":36,"column":88},"end":{"line":36,"column":95}},"loc":{"start":{"line":36,"column":98},"end":{"line":61,"column":3}},"line":36},"9":{"name":"_callee$","decl":{"start":{"line":38,"column":44},"end":{"line":38,"column":52}},"loc":{"start":{"line":38,"column":63},"end":{"line":60,"column":5}},"line":38},"10":{"name":"(anonymous_10)","decl":{"start":{"line":62,"column":43},"end":{"line":62,"column":44}},"loc":{"start":{"line":62,"column":59},"end":{"line":89,"column":3}},"line":62},"11":{"name":"(anonymous_11)","decl":{"start":{"line":75,"column":125},"end":{"line":75,"column":126}},"loc":{"start":{"line":75,"column":145},"end":{"line":88,"column":5}},"line":75}},"branchMap":{"0":{"loc":{"start":{"line":9,"column":46},"end":{"line":9,"column":94}},"type":"cond-expr","locations":[{"start":{"line":9,"column":70},"end":{"line":9,"column":73}},{"start":{"line":9,"column":76},"end":{"line":9,"column":94}}],"line":9},"1":{"loc":{"start":{"line":9,"column":46},"end":{"line":9,"column":67}},"type":"binary-expr","locations":[{"start":{"line":9,"column":46},"end":{"line":9,"column":49}},{"start":{"line":9,"column":53},"end":{"line":9,"column":67}}],"line":9},"2":{"loc":{"start":{"line":11,"column":176},"end":{"line":11,"column":263}},"type":"if","locations":[{"start":{"line":11,"column":176},"end":{"line":11,"column":263}},{"start":{"line":11,"column":176},"end":{"line":11,"column":263}}],"line":11},"3":{"loc":{"start":{"line":40,"column":8},"end":{"line":58,"column":9}},"type":"switch","locations":[{"start":{"line":41,"column":10},"end":{"line":43,"column":106}},{"start":{"line":45,"column":10},"end":{"line":49,"column":106}},{"start":{"line":51,"column":10},"end":{"line":53,"column":40}},{"start":{"line":55,"column":10},"end":{"line":55,"column":17}},{"start":{"line":56,"column":10},"end":{"line":57,"column":35}}],"line":40}},"s":{"0":1,"1":1,"2":1,"3":3,"4":3,"5":3,"6":3,"7":0,"8":0,"9":3,"10":1,"11":2,"12":1,"13":1,"14":1,"15":1,"16":1,"17":3,"18":0,"19":1,"20":1,"21":1,"22":1,"23":1,"24":1,"25":1,"26":1,"27":1,"28":3,"29":3,"30":1,"31":1,"32":1,"33":1,"34":1,"35":1,"36":1,"37":1,"38":1,"39":1,"40":1,"41":1,"42":1,"43":1,"44":0,"45":0,"46":0,"47":0,"48":0,"49":0,"50":0,"51":0,"52":0,"53":0,"54":0},"f":{"0":3,"1":3,"2":1,"3":1,"4":1,"5":3,"6":0,"7":1,"8":1,"9":3,"10":1,"11":1},"b":{"0":[1,2],"1":[3,3],"2":[1,2],"3":[1,1,1,1,1]},"inputSourceMap":{"version":3,"sources":["products.js"],"names":["chai","use","chaiHttp","should","describe","user","id","token","name","email","password","signupData","signinData","before","request","app","post","send","res","body","it","done","order","title","price","description","quantity","status","count","producedBy","image","console","log","set","end","err","have","be","a","property","eql"],"mappings":";;AAAA;;AACA;;AACA;;;;;;;;AAEAA,iBAAKC,GAAL,CAASC,oBAAT;;AACAF,iBAAKG,MAAL;;AAEAC,QAAQ,CAAC,4BAAD,EAA+B,YAAM;AACzC,MAAIC,IAAI,GAAG;AACPC,IAAAA,EAAE,EAAE,IADG;AAEPC,IAAAA,KAAK,EAAE,IAFA;AAGPC,IAAAA,IAAI,EAAE,QAHC;AAIPC,IAAAA,KAAK,EAAE,kBAJA;AAKPC,IAAAA,QAAQ,EAAE;AALH,GAAX;AAOA,MAAMC,UAAU,GAAG;AACfH,IAAAA,IAAI,EAAEH,IAAI,CAACG,IADI;AAEfC,IAAAA,KAAK,EAAEJ,IAAI,CAACI,KAFG;AAGfC,IAAAA,QAAQ,EAAEL,IAAI,CAACK;AAHA,GAAnB;AAKA,MAAME,UAAU,GAAG;AACfH,IAAAA,KAAK,EAAEJ,IAAI,CAACI,KADG;AAEfC,IAAAA,QAAQ,EAAEL,IAAI,CAACK;AAFA,GAAnB;AAIAG,EAAAA,MAAM,uEAAC;AAAA;AAAA;AAAA;AAAA;AAAA;AAAA;AAAA,mBACab,iBAAKc,OAAL,CAAaC,eAAb,EACZC,IADY,CACP,qBADO,EAEZC,IAFY,CAEPN,UAFO,CADb;;AAAA;AACCO,YAAAA,GADD;AAIHb,YAAAA,IAAI,CAACC,EAAL,GAAUY,GAAG,CAACC,IAAJ,CAASb,EAAnB;AAJG;AAAA,mBAMSN,iBAAKc,OAAL,CAAaC,eAAb,EACRC,IADQ,CACH,qBADG,EAERC,IAFQ,CAEHL,UAFG,CANT;;AAAA;AAMHM,YAAAA,GANG;AASHb,YAAAA,IAAI,CAACE,KAAL,GAAaW,GAAG,CAACC,IAAJ,CAASZ,KAAtB;;AATG;AAAA;AAAA;AAAA;AAAA;AAAA;AAAA,GAAD,GAAN;AAWAa,EAAAA,EAAE,CAAC,oCAAD,EAAuC,UAACC,IAAD,EAAS;AAC9C,QAAMC,KAAK,GAAG;AACVC,MAAAA,KAAK,EAAC,WADI;AAEVC,MAAAA,KAAK,EAAC,IAFI;AAGVC,MAAAA,WAAW,EAAC,kBAHF;AAIVC,MAAAA,QAAQ,EAAC,CAJC;AAKVC,MAAAA,MAAM,EAAC,KALG;AAMVC,MAAAA,KAAK,EAAC,CANI;AAOVC,MAAAA,UAAU,EAAC,aAPD;AAQVC,MAAAA,KAAK,EAAC;AARI,KAAd;AAUAC,IAAAA,OAAO,CAACC,GAAR,CAAYV,KAAZ;;AAEJtB,qBAAKc,OAAL,CAAaC,eAAb,EACGC,IADH,CACQ,uBADR,EAEGiB,GAFH,CAEO,eAFP,EAEwB5B,IAAI,CAACE,KAF7B,EAGGU,IAHH,CAGQK,KAHR,EAIGY,GAJH,CAIO,UAACC,GAAD,EAAKjB,GAAL,EAAY;AACfA,MAAAA,GAAG,CAACf,MAAJ,CAAWiC,IAAX,CAAgBT,MAAhB,CAAuB,GAAvB;AACAT,MAAAA,GAAG,CAACC,IAAJ,CAAShB,MAAT,CAAgBkC,EAAhB,CAAmBC,CAAnB,CAAqB,QAArB;AACApB,MAAAA,GAAG,CAACC,IAAJ,CAAShB,MAAT,CAAgBiC,IAAhB,CAAqBG,QAArB,CAA8B,YAA9B;AACArB,MAAAA,GAAG,CAACC,IAAJ,CAASU,UAAT,CAAoB1B,MAApB,CAA2BqC,GAA3B,CAA+BnC,IAAI,CAACC,EAApC;AACAY,MAAAA,GAAG,CAACC,IAAJ,CAAShB,MAAT,CAAgBiC,IAAhB,CAAqBG,QAArB,CAA8B,OAA9B;AACArB,MAAAA,GAAG,CAACC,IAAJ,CAAShB,MAAT,CAAgBiC,IAAhB,CAAqBG,QAArB,CAA8B,OAA9B;AACArB,MAAAA,GAAG,CAACC,IAAJ,CAAShB,MAAT,CAAgBiC,IAAhB,CAAqBG,QAArB,CAA8B,aAA9B;AACArB,MAAAA,GAAG,CAACC,IAAJ,CAAShB,MAAT,CAAgBiC,IAAhB,CAAqBG,QAArB,CAA8B,UAA9B;AACArB,MAAAA,GAAG,CAACC,IAAJ,CAAShB,MAAT,CAAgBiC,IAAhB,CAAqBG,QAArB,CAA8B,QAA9B;AACArB,MAAAA,GAAG,CAACC,IAAJ,CAAShB,MAAT,CAAgBiC,IAAhB,CAAqBG,QAArB,CAA8B,OAA9B;AACArB,MAAAA,GAAG,CAACC,IAAJ,CAAShB,MAAT,CAAgBiC,IAAhB,CAAqBG,QAArB,CAA8B,OAA9B;AACAlB,MAAAA,IAAI;AACL,KAjBH;AAkBC,GA/BC,CAAF;AAgCH,CA5DO,CAAR","sourceRoot":"E:\\backup\\MATTHEW\\MA LIBRARY\\portfolio\\e-shop\\e-shop-server\\src\\tests\\","sourcesContent":["import chaiHttp from 'chai-http';\r\nimport chai from 'chai';\r\nimport app from '../app'\r\n\r\nchai.use(chaiHttp)\r\nchai.should()\r\n\r\ndescribe('POST /api/v1/createProduct', () => {\r\n    let user = {\r\n        id: null,\r\n        token: null,\r\n        name: 'ramsey',\r\n        email: 'ramsey@email.com',\r\n        password: 'ramseypassword1'\r\n    }\r\n    const signupData = {\r\n        name: user.name,\r\n        email: user.email,\r\n        password: user.password,\r\n    }\r\n    const signinData = {\r\n        email: user.email,\r\n        password: user.password,\r\n    }\r\n    before(async()=> {\r\n        let res = await chai.request(app)\r\n           .post('/api/v1/auth/signup')\r\n           .send(signupData)\r\n        user.id = res.body.id\r\n\r\n        res = await chai.request(app)\r\n           .post('/api/v1/auth/signin')\r\n           .send(signinData)\r\n        user.token = res.body.token\r\n    })\r\n    it('should provide a statusCode of 201', (done)=> {\r\n        const order = {\r\n            title:'vegetable',\r\n            price:'45',\r\n            description:'description info',\r\n            quantity:3,\r\n            status:'add',\r\n            count:5,\r\n            producedBy:'lex company',\r\n            image:'image.jpg',\r\n        }\r\n        console.log(order)\r\n\r\n    chai.request(app)\r\n      .post('/api/v1/createProduct')\r\n      .set('authorization', user.token)\r\n      .send(order)\r\n      .end((err,res)=> {\r\n        res.should.have.status(201);\r\n        res.body.should.be.a('object');\r\n        res.body.should.have.property('producedBy')\r\n        res.body.producedBy.should.eql(user.id)\r\n        res.body.should.have.property('title')\r\n        res.body.should.have.property('price')\r\n        res.body.should.have.property('description')\r\n        res.body.should.have.property('quantity')\r\n        res.body.should.have.property('status')\r\n        res.body.should.have.property('count')\r\n        res.body.should.have.property('image')\r\n        done();\r\n      })\r\n    })\r\n})\r\n"]},"_coverageSchema":"1a1c01bbd47fc00a2c39e90264f33305004495a9","hash":"eb19b0acfcf4105b7bf92d2642ec20669398c92c","contentHash":"8bd5325ece9ab156b83e28c9ca9b7be5c8df9f706e3eb82711bce168786084fa"}}